[ 2015-07-09T22:59:29+08:00 ] 127.0.0.1 /index.php
ERR: SQLSTATE[42S22]: Column not found: 1054 Unknown column 'p.jid' in 'on clause'

[ 2015-07-09T23:53:22+08:00 ] 127.0.0.1 /index.php?g=&m=jobs&a=get_son_cate
INFO: [ app_begin ] --START--
INFO: Run Behavior\ReadHtmlCacheBehavior [ RunTime:0.000302s ]
INFO: Run Behavior\CheckLangBehavior [ RunTime:0.000306s ]
INFO: [ app_begin ] --END-- [ RunTime:0.000862s ]
SQL: SHOW COLUMNS FROM `sp_ad` [ RunTime:0.0018s ]
SQL: SELECT * FROM `sp_ad` WHERE ( ad_content="top_hot_search" ) LIMIT 7   [ RunTime:0.0004s ]
SQL: SHOW COLUMNS FROM `sp_cart` [ RunTime:0.0011s ]
SQL: SELECT * FROM `sp_cart` WHERE `uid` = 15 ORDER BY id asc  [ RunTime:0.0002s ]
SQL: SHOW COLUMNS FROM `sp_goods` [ RunTime:0.0013s ]
SQL: SELECT `id`,`name`,`smallimage`,`price`,`pricespe`,`weight` FROM `sp_goods` WHERE `id` IN ('103')  [ RunTime:0.0002s ]
SQL: SELECT * FROM `sp_cart` WHERE `uid` = 15 ORDER BY id asc  [ RunTime:0.0002s ]
SQL: SELECT `id`,`name`,`smallimage`,`price`,`pricespe`,`weight` FROM `sp_goods` WHERE `id` IN ('103')  [ RunTime:0.0002s ]

[ 2015-07-09T23:55:45+08:00 ] 127.0.0.1 /index.php?g=&m=jobs&a=get_son_cate
INFO: [ app_begin ] --START--
INFO: Run Behavior\ReadHtmlCacheBehavior [ RunTime:0.000346s ]
INFO: Run Behavior\CheckLangBehavior [ RunTime:0.000369s ]
INFO: [ app_begin ] --END-- [ RunTime:0.000988s ]
SQL: SHOW COLUMNS FROM `sp_ad` [ RunTime:0.0013s ]
SQL: SELECT * FROM `sp_ad` WHERE ( ad_content="top_hot_search" ) LIMIT 7   [ RunTime:0.0004s ]
SQL: SHOW COLUMNS FROM `sp_cart` [ RunTime:0.0011s ]
SQL: SELECT * FROM `sp_cart` WHERE `uid` = 15 ORDER BY id asc  [ RunTime:0.0003s ]
SQL: SHOW COLUMNS FROM `sp_goods` [ RunTime:0.0014s ]
SQL: SELECT `id`,`name`,`smallimage`,`price`,`pricespe`,`weight` FROM `sp_goods` WHERE `id` IN ('103')  [ RunTime:0.0003s ]
SQL: SELECT * FROM `sp_cart` WHERE `uid` = 15 ORDER BY id asc  [ RunTime:0.0002s ]
SQL: SELECT `id`,`name`,`smallimage`,`price`,`pricespe`,`weight` FROM `sp_goods` WHERE `id` IN ('103')  [ RunTime:0.0001s ]
SQL: SHOW COLUMNS FROM `sp_cate` [ RunTime:0.0011s ]
SQL: SELECT * FROM `sp_cate` WHERE ( parent=126 )  [ RunTime:0.0003s ]
INFO: [ app_end ] --START--
INFO: Run Behavior\ShowPageTraceBehavior [ RunTime:0.000348s ]
INFO: [ app_end ] --END-- [ RunTime:0.000402s ]

[ 2015-07-09T23:58:16+08:00 ] 127.0.0.1 /index.php?g=&m=jobs&a=get_son_cate
INFO: [ app_begin ] --START--
INFO: Run Behavior\ReadHtmlCacheBehavior [ RunTime:0.000308s ]
INFO: Run Behavior\CheckLangBehavior [ RunTime:0.000309s ]
INFO: [ app_begin ] --END-- [ RunTime:0.000901s ]
SQL: SHOW COLUMNS FROM `sp_ad` [ RunTime:0.0011s ]
SQL: SELECT * FROM `sp_ad` WHERE ( ad_content="top_hot_search" ) LIMIT 7   [ RunTime:0.0004s ]
SQL: SHOW COLUMNS FROM `sp_cart` [ RunTime:0.0012s ]
SQL: SELECT * FROM `sp_cart` WHERE `uid` = 15 ORDER BY id asc  [ RunTime:0.0003s ]
SQL: SHOW COLUMNS FROM `sp_goods` [ RunTime:0.0016s ]
SQL: SELECT `id`,`name`,`smallimage`,`price`,`pricespe`,`weight` FROM `sp_goods` WHERE `id` IN ('103')  [ RunTime:0.0003s ]
SQL: SELECT * FROM `sp_cart` WHERE `uid` = 15 ORDER BY id asc  [ RunTime:0.0002s ]
SQL: SELECT `id`,`name`,`smallimage`,`price`,`pricespe`,`weight` FROM `sp_goods` WHERE `id` IN ('103')  [ RunTime:0.0002s ]
SQL: SHOW COLUMNS FROM `sp_cate` [ RunTime:0.0010s ]
SQL: SELECT * FROM `sp_cate` WHERE ( parent=128 )  [ RunTime:0.0002s ]
INFO: [ app_end ] --START--
INFO: Run Behavior\ShowPageTraceBehavior [ RunTime:0.000327s ]
INFO: [ app_end ] --END-- [ RunTime:0.000369s ]

[ 2015-07-09T23:59:17+08:00 ] 127.0.0.1 /index.php?g=&m=jobs&a=get_son_cate
INFO: [ app_begin ] --START--
INFO: Run Behavior\ReadHtmlCacheBehavior [ RunTime:0.000315s ]
INFO: Run Behavior\CheckLangBehavior [ RunTime:0.000336s ]
INFO: [ app_begin ] --END-- [ RunTime:0.000913s ]
SQL: SHOW COLUMNS FROM `sp_ad` [ RunTime:0.0011s ]
SQL: SELECT * FROM `sp_ad` WHERE ( ad_content="top_hot_search" ) LIMIT 7   [ RunTime:0.0004s ]
SQL: SHOW COLUMNS FROM `sp_cart` [ RunTime:0.0010s ]
SQL: SELECT * FROM `sp_cart` WHERE `uid` = 15 ORDER BY id asc  [ RunTime:0.0003s ]
SQL: SHOW COLUMNS FROM `sp_goods` [ RunTime:0.0014s ]
SQL: SELECT `id`,`name`,`smallimage`,`price`,`pricespe`,`weight` FROM `sp_goods` WHERE `id` IN ('103')  [ RunTime:0.0003s ]
SQL: SELECT * FROM `sp_cart` WHERE `uid` = 15 ORDER BY id asc  [ RunTime:0.0002s ]
SQL: SELECT `id`,`name`,`smallimage`,`price`,`pricespe`,`weight` FROM `sp_goods` WHERE `id` IN ('103')  [ RunTime:0.0002s ]
SQL: SHOW COLUMNS FROM `sp_cate` [ RunTime:0.0010s ]
SQL: SELECT * FROM `sp_cate` WHERE ( parent=128 )  [ RunTime:0.0002s ]
INFO: [ app_end ] --START--
INFO: Run Behavior\ShowPageTraceBehavior [ RunTime:0.000441s ]
INFO: [ app_end ] --END-- [ RunTime:0.000505s ]

[ 2015-07-09T23:59:18+08:00 ] 127.0.0.1 /index.php?g=&m=jobs&a=get_son_cate
INFO: [ app_begin ] --START--
INFO: Run Behavior\ReadHtmlCacheBehavior [ RunTime:0.000299s ]
INFO: Run Behavior\CheckLangBehavior [ RunTime:0.000296s ]
INFO: [ app_begin ] --END-- [ RunTime:0.000835s ]
SQL: SHOW COLUMNS FROM `sp_ad` [ RunTime:0.0011s ]
SQL: SELECT * FROM `sp_ad` WHERE ( ad_content="top_hot_search" ) LIMIT 7   [ RunTime:0.0004s ]
SQL: SHOW COLUMNS FROM `sp_cart` [ RunTime:0.0013s ]
SQL: SELECT * FROM `sp_cart` WHERE `uid` = 15 ORDER BY id asc  [ RunTime:0.0003s ]
SQL: SHOW COLUMNS FROM `sp_goods` [ RunTime:0.0014s ]
SQL: SELECT `id`,`name`,`smallimage`,`price`,`pricespe`,`weight` FROM `sp_goods` WHERE `id` IN ('103')  [ RunTime:0.0003s ]
SQL: SELECT * FROM `sp_cart` WHERE `uid` = 15 ORDER BY id asc  [ RunTime:0.0002s ]
SQL: SELECT `id`,`name`,`smallimage`,`price`,`pricespe`,`weight` FROM `sp_goods` WHERE `id` IN ('103')  [ RunTime:0.0002s ]
SQL: SHOW COLUMNS FROM `sp_cate` [ RunTime:0.0011s ]
SQL: SELECT * FROM `sp_cate` WHERE ( parent=130 )  [ RunTime:0.0002s ]
INFO: [ app_end ] --START--
INFO: Run Behavior\ShowPageTraceBehavior [ RunTime:0.000371s ]
INFO: [ app_end ] --END-- [ RunTime:0.000430s ]

