[ 2015-07-15T20:14:09+08:00 ] 127.0.0.1 /index.php?g=Portal&m=Index&a=getWiki
INFO: [ app_begin ] --START--
INFO: Run Behavior\ReadHtmlCacheBehavior [ RunTime:0.000635s ]
INFO: Run Behavior\CheckLangBehavior [ RunTime:0.000623s ]
INFO: [ app_begin ] --END-- [ RunTime:0.001789s ]
SQL: SHOW COLUMNS FROM `sp_ad` [ RunTime:0.0014s ]
SQL: SELECT * FROM `sp_ad` WHERE ( ad_content="top_hot_search" ) LIMIT 7   [ RunTime:0.0006s ]
NOTIC: [8] Undefined index: user /Applications/XAMPP/xamppfiles/htdocs/trunk/job/application/Order/Controller/CartController.class.php 第 11 行.
NOTIC: [8] Undefined index: user /Applications/XAMPP/xamppfiles/htdocs/trunk/job/application/Order/Controller/CartController.class.php 第 174 行.
NOTIC: [8] Undefined index: cart /Applications/XAMPP/xamppfiles/htdocs/trunk/job/application/Order/Controller/CartController.class.php 第 182 行.
NOTIC: [2] Invalid argument supplied for foreach() /Applications/XAMPP/xamppfiles/htdocs/trunk/job/application/Order/Controller/CartController.class.php 第 184 行.
SQL: SHOW COLUMNS FROM `sp_goods` [ RunTime:0.0017s ]
SQL: SELECT `id`,`name`,`smallimage`,`price`,`pricespe`,`weight` FROM `sp_goods` WHERE `id` IN ('')  [ RunTime:0.0003s ]
NOTIC: [2] Invalid argument supplied for foreach() /Applications/XAMPP/xamppfiles/htdocs/trunk/job/application/Order/Controller/CartController.class.php 第 209 行.
NOTIC: [8] Undefined index: cart /Applications/XAMPP/xamppfiles/htdocs/trunk/job/application/Order/Controller/CartController.class.php 第 13 行.
NOTIC: [8] Undefined index: user /Applications/XAMPP/xamppfiles/htdocs/trunk/job/application/Order/Controller/CartController.class.php 第 174 行.
NOTIC: [8] Undefined index: cart /Applications/XAMPP/xamppfiles/htdocs/trunk/job/application/Order/Controller/CartController.class.php 第 182 行.
NOTIC: [2] Invalid argument supplied for foreach() /Applications/XAMPP/xamppfiles/htdocs/trunk/job/application/Order/Controller/CartController.class.php 第 184 行.
SQL: SELECT `id`,`name`,`smallimage`,`price`,`pricespe`,`weight` FROM `sp_goods` WHERE `id` IN ('')  [ RunTime:0.0002s ]
NOTIC: [2] Invalid argument supplied for foreach() /Applications/XAMPP/xamppfiles/htdocs/trunk/job/application/Order/Controller/CartController.class.php 第 209 行.
NOTIC: [8] Undefined index: cart /Applications/XAMPP/xamppfiles/htdocs/trunk/job/application/Common/Controller/HomeBaseController.class.php 第 48 行.

