[ 2015-07-22T20:18:10+08:00 ] 127.0.0.1 /index.php?g=Portal&m=Index&a=getWiki
INFO: [ app_begin ] --START--
INFO: Run Behavior\ReadHtmlCacheBehavior [ RunTime:0.000628s ]
INFO: Run Behavior\CheckLangBehavior [ RunTime:0.000613s ]
INFO: [ app_begin ] --END-- [ RunTime:0.001808s ]
NOTIC: [8192] mysql_connect(): The mysql extension is deprecated and will be removed in the future: use mysqli or PDO instead /Applications/XAMPP/xamppfiles/htdocs/trunk/job/simplewind/Core/Library/Think/Session/Driver/Db.class.php 第 95 行.
SQL: SHOW COLUMNS FROM `sp_ad` [ RunTime:0.0015s ]
SQL: SELECT * FROM `sp_ad` WHERE ( ad_content="top_hot_search" ) LIMIT 7   [ RunTime:0.0006s ]
NOTIC: [8] Undefined index: user /Applications/XAMPP/xamppfiles/htdocs/trunk/job/application/Order/Controller/CartController.class.php 第 11 行.
NOTIC: [8] Undefined index: user /Applications/XAMPP/xamppfiles/htdocs/trunk/job/application/Order/Controller/CartController.class.php 第 174 行.
NOTIC: [8] Undefined index: cart /Applications/XAMPP/xamppfiles/htdocs/trunk/job/application/Order/Controller/CartController.class.php 第 182 行.
NOTIC: [2] Invalid argument supplied for foreach() /Applications/XAMPP/xamppfiles/htdocs/trunk/job/application/Order/Controller/CartController.class.php 第 184 行.
SQL: SHOW COLUMNS FROM `sp_goods` [ RunTime:0.0017s ]
SQL: SELECT `id`,`name`,`smallimage`,`price`,`pricespe`,`weight` FROM `sp_goods` WHERE `id` IN ('')  [ RunTime:0.0003s ]
NOTIC: [2] Invalid argument supplied for foreach() /Applications/XAMPP/xamppfiles/htdocs/trunk/job/application/Order/Controller/CartController.class.php 第 209 行.
NOTIC: [8] Undefined index: cart /Applications/XAMPP/xamppfiles/htdocs/trunk/job/application/Order/Controller/CartController.class.php 第 13 行.
NOTIC: [8] Undefined index: user /Applications/XAMPP/xamppfiles/htdocs/trunk/job/application/Order/Controller/CartController.class.php 第 174 行.
NOTIC: [8] Undefined index: cart /Applications/XAMPP/xamppfiles/htdocs/trunk/job/application/Order/Controller/CartController.class.php 第 182 行.
NOTIC: [2] Invalid argument supplied for foreach() /Applications/XAMPP/xamppfiles/htdocs/trunk/job/application/Order/Controller/CartController.class.php 第 184 行.
SQL: SELECT `id`,`name`,`smallimage`,`price`,`pricespe`,`weight` FROM `sp_goods` WHERE `id` IN ('')  [ RunTime:0.0002s ]
NOTIC: [2] Invalid argument supplied for foreach() /Applications/XAMPP/xamppfiles/htdocs/trunk/job/application/Order/Controller/CartController.class.php 第 209 行.
NOTIC: [8] Undefined index: cart /Applications/XAMPP/xamppfiles/htdocs/trunk/job/application/Common/Controller/HomeBaseController.class.php 第 48 行.

[ 2015-07-22T20:43:49+08:00 ] 127.0.0.1 /index.php?g=Portal&m=Index&a=getWiki
INFO: [ app_begin ] --START--
INFO: Run Behavior\ReadHtmlCacheBehavior [ RunTime:0.000548s ]
INFO: Run Behavior\CheckLangBehavior [ RunTime:0.000525s ]
INFO: [ app_begin ] --END-- [ RunTime:0.001556s ]
NOTIC: [8192] mysql_connect(): The mysql extension is deprecated and will be removed in the future: use mysqli or PDO instead /Applications/XAMPP/xamppfiles/htdocs/trunk/job/simplewind/Core/Library/Think/Session/Driver/Db.class.php 第 95 行.
SQL: SHOW COLUMNS FROM `sp_ad` [ RunTime:0.0013s ]
SQL: SELECT * FROM `sp_ad` WHERE ( ad_content="top_hot_search" ) LIMIT 7   [ RunTime:0.0005s ]
NOTIC: [8] Undefined index: user /Applications/XAMPP/xamppfiles/htdocs/trunk/job/application/Order/Controller/CartController.class.php 第 11 行.
NOTIC: [8] Undefined index: user /Applications/XAMPP/xamppfiles/htdocs/trunk/job/application/Order/Controller/CartController.class.php 第 174 行.
NOTIC: [8] Undefined index: cart /Applications/XAMPP/xamppfiles/htdocs/trunk/job/application/Order/Controller/CartController.class.php 第 182 行.
NOTIC: [2] Invalid argument supplied for foreach() /Applications/XAMPP/xamppfiles/htdocs/trunk/job/application/Order/Controller/CartController.class.php 第 184 行.
SQL: SHOW COLUMNS FROM `sp_goods` [ RunTime:0.0022s ]
SQL: SELECT `id`,`name`,`smallimage`,`price`,`pricespe`,`weight` FROM `sp_goods` WHERE `id` IN ('')  [ RunTime:0.0002s ]
NOTIC: [2] Invalid argument supplied for foreach() /Applications/XAMPP/xamppfiles/htdocs/trunk/job/application/Order/Controller/CartController.class.php 第 209 行.
NOTIC: [8] Undefined index: cart /Applications/XAMPP/xamppfiles/htdocs/trunk/job/application/Order/Controller/CartController.class.php 第 13 行.
NOTIC: [8] Undefined index: user /Applications/XAMPP/xamppfiles/htdocs/trunk/job/application/Order/Controller/CartController.class.php 第 174 行.
NOTIC: [8] Undefined index: cart /Applications/XAMPP/xamppfiles/htdocs/trunk/job/application/Order/Controller/CartController.class.php 第 182 行.
NOTIC: [2] Invalid argument supplied for foreach() /Applications/XAMPP/xamppfiles/htdocs/trunk/job/application/Order/Controller/CartController.class.php 第 184 行.
SQL: SELECT `id`,`name`,`smallimage`,`price`,`pricespe`,`weight` FROM `sp_goods` WHERE `id` IN ('')  [ RunTime:0.0002s ]
NOTIC: [2] Invalid argument supplied for foreach() /Applications/XAMPP/xamppfiles/htdocs/trunk/job/application/Order/Controller/CartController.class.php 第 209 行.
NOTIC: [8] Undefined index: cart /Applications/XAMPP/xamppfiles/htdocs/trunk/job/application/Common/Controller/HomeBaseController.class.php 第 48 行.

[ 2015-07-22T20:44:54+08:00 ] 127.0.0.1 /index.php?g=Portal&m=Index&a=getWiki
INFO: [ app_begin ] --START--
INFO: Run Behavior\ReadHtmlCacheBehavior [ RunTime:0.000864s ]
INFO: Run Behavior\CheckLangBehavior [ RunTime:0.000854s ]
INFO: [ app_begin ] --END-- [ RunTime:0.002407s ]
NOTIC: [8192] mysql_connect(): The mysql extension is deprecated and will be removed in the future: use mysqli or PDO instead /Applications/XAMPP/xamppfiles/htdocs/trunk/job/simplewind/Core/Library/Think/Session/Driver/Db.class.php 第 95 行.
SQL: SHOW COLUMNS FROM `sp_ad` [ RunTime:0.0021s ]
SQL: SELECT * FROM `sp_ad` WHERE ( ad_content="top_hot_search" ) LIMIT 7   [ RunTime:0.0008s ]
SQL: SHOW COLUMNS FROM `sp_cart` [ RunTime:0.0018s ]
SQL: SELECT * FROM `sp_cart` WHERE `uid` = 15 ORDER BY id asc  [ RunTime:0.0004s ]
SQL: SHOW COLUMNS FROM `sp_goods` [ RunTime:0.0022s ]
SQL: SELECT `id`,`name`,`smallimage`,`price`,`pricespe`,`weight` FROM `sp_goods` WHERE `id` IN ('103')  [ RunTime:0.0004s ]
SQL: SELECT * FROM `sp_cart` WHERE `uid` = 15 ORDER BY id asc  [ RunTime:0.0003s ]
SQL: SELECT `id`,`name`,`smallimage`,`price`,`pricespe`,`weight` FROM `sp_goods` WHERE `id` IN ('103')  [ RunTime:0.0004s ]

[ 2015-07-22T21:04:07+08:00 ] 127.0.0.1 /index.php?g=Portal&m=Index&a=getWiki
INFO: [ app_begin ] --START--
INFO: Run Behavior\ReadHtmlCacheBehavior [ RunTime:0.000493s ]
INFO: Run Behavior\CheckLangBehavior [ RunTime:0.000477s ]
INFO: [ app_begin ] --END-- [ RunTime:0.001376s ]
NOTIC: [8192] mysql_connect(): The mysql extension is deprecated and will be removed in the future: use mysqli or PDO instead /Applications/XAMPP/xamppfiles/htdocs/trunk/job/simplewind/Core/Library/Think/Session/Driver/Db.class.php 第 95 行.
SQL: SHOW COLUMNS FROM `sp_ad` [ RunTime:0.0014s ]
SQL: SELECT * FROM `sp_ad` WHERE ( ad_content="top_hot_search" ) LIMIT 7   [ RunTime:0.0005s ]
NOTIC: [8] Undefined index: user /Applications/XAMPP/xamppfiles/htdocs/trunk/job/application/Order/Controller/CartController.class.php 第 11 行.
NOTIC: [8] Undefined index: user /Applications/XAMPP/xamppfiles/htdocs/trunk/job/application/Order/Controller/CartController.class.php 第 174 行.
NOTIC: [8] Undefined index: cart /Applications/XAMPP/xamppfiles/htdocs/trunk/job/application/Order/Controller/CartController.class.php 第 182 行.
NOTIC: [2] Invalid argument supplied for foreach() /Applications/XAMPP/xamppfiles/htdocs/trunk/job/application/Order/Controller/CartController.class.php 第 184 行.
SQL: SHOW COLUMNS FROM `sp_goods` [ RunTime:0.0018s ]
SQL: SELECT `id`,`name`,`smallimage`,`price`,`pricespe`,`weight` FROM `sp_goods` WHERE `id` IN ('')  [ RunTime:0.0003s ]
NOTIC: [2] Invalid argument supplied for foreach() /Applications/XAMPP/xamppfiles/htdocs/trunk/job/application/Order/Controller/CartController.class.php 第 209 行.
NOTIC: [8] Undefined index: cart /Applications/XAMPP/xamppfiles/htdocs/trunk/job/application/Order/Controller/CartController.class.php 第 13 行.
NOTIC: [8] Undefined index: user /Applications/XAMPP/xamppfiles/htdocs/trunk/job/application/Order/Controller/CartController.class.php 第 174 行.
NOTIC: [8] Undefined index: cart /Applications/XAMPP/xamppfiles/htdocs/trunk/job/application/Order/Controller/CartController.class.php 第 182 行.
NOTIC: [2] Invalid argument supplied for foreach() /Applications/XAMPP/xamppfiles/htdocs/trunk/job/application/Order/Controller/CartController.class.php 第 184 行.
SQL: SELECT `id`,`name`,`smallimage`,`price`,`pricespe`,`weight` FROM `sp_goods` WHERE `id` IN ('')  [ RunTime:0.0002s ]
NOTIC: [2] Invalid argument supplied for foreach() /Applications/XAMPP/xamppfiles/htdocs/trunk/job/application/Order/Controller/CartController.class.php 第 209 行.
NOTIC: [8] Undefined index: cart /Applications/XAMPP/xamppfiles/htdocs/trunk/job/application/Common/Controller/HomeBaseController.class.php 第 48 行.

[ 2015-07-22T21:04:59+08:00 ] 127.0.0.1 /index.php?g=Portal&m=Index&a=getWiki
INFO: [ app_begin ] --START--
INFO: Run Behavior\ReadHtmlCacheBehavior [ RunTime:0.000320s ]
INFO: Run Behavior\CheckLangBehavior [ RunTime:0.000384s ]
INFO: [ app_begin ] --END-- [ RunTime:0.000970s ]
NOTIC: [8192] mysql_connect(): The mysql extension is deprecated and will be removed in the future: use mysqli or PDO instead /Applications/XAMPP/xamppfiles/htdocs/trunk/job/simplewind/Core/Library/Think/Session/Driver/Db.class.php 第 95 行.
SQL: SHOW COLUMNS FROM `sp_ad` [ RunTime:0.0014s ]
SQL: SELECT * FROM `sp_ad` WHERE ( ad_content="top_hot_search" ) LIMIT 7   [ RunTime:0.0006s ]
NOTIC: [8] Undefined index: user /Applications/XAMPP/xamppfiles/htdocs/trunk/job/application/Order/Controller/CartController.class.php 第 11 行.
NOTIC: [8] Undefined index: user /Applications/XAMPP/xamppfiles/htdocs/trunk/job/application/Order/Controller/CartController.class.php 第 174 行.
NOTIC: [8] Undefined index: cart /Applications/XAMPP/xamppfiles/htdocs/trunk/job/application/Order/Controller/CartController.class.php 第 182 行.
NOTIC: [2] Invalid argument supplied for foreach() /Applications/XAMPP/xamppfiles/htdocs/trunk/job/application/Order/Controller/CartController.class.php 第 184 行.
SQL: SHOW COLUMNS FROM `sp_goods` [ RunTime:0.0020s ]
SQL: SELECT `id`,`name`,`smallimage`,`price`,`pricespe`,`weight` FROM `sp_goods` WHERE `id` IN ('')  [ RunTime:0.0006s ]
NOTIC: [2] Invalid argument supplied for foreach() /Applications/XAMPP/xamppfiles/htdocs/trunk/job/application/Order/Controller/CartController.class.php 第 209 行.
NOTIC: [8] Undefined index: cart /Applications/XAMPP/xamppfiles/htdocs/trunk/job/application/Order/Controller/CartController.class.php 第 13 行.
NOTIC: [8] Undefined index: user /Applications/XAMPP/xamppfiles/htdocs/trunk/job/application/Order/Controller/CartController.class.php 第 174 行.
NOTIC: [8] Undefined index: cart /Applications/XAMPP/xamppfiles/htdocs/trunk/job/application/Order/Controller/CartController.class.php 第 182 行.
NOTIC: [2] Invalid argument supplied for foreach() /Applications/XAMPP/xamppfiles/htdocs/trunk/job/application/Order/Controller/CartController.class.php 第 184 行.
SQL: SELECT `id`,`name`,`smallimage`,`price`,`pricespe`,`weight` FROM `sp_goods` WHERE `id` IN ('')  [ RunTime:0.0003s ]
NOTIC: [2] Invalid argument supplied for foreach() /Applications/XAMPP/xamppfiles/htdocs/trunk/job/application/Order/Controller/CartController.class.php 第 209 行.
NOTIC: [8] Undefined index: cart /Applications/XAMPP/xamppfiles/htdocs/trunk/job/application/Common/Controller/HomeBaseController.class.php 第 48 行.

[ 2015-07-22T21:39:16+08:00 ] 127.0.0.1 /
ERR: SQLSTATE[HY000] [2002] No such file or directory

[ 2015-07-22T22:06:30+08:00 ] 127.0.0.1 /
ERR: SQLSTATE[HY000] [2002] No such file or directory

[ 2015-07-22T22:06:33+08:00 ] 127.0.0.1 /
ERR: SQLSTATE[HY000] [2002] No such file or directory

