[ 2015-07-12T00:25:34+08:00 ] 127.0.0.1 /index.php?g=Portal&m=Index&a=getWiki
INFO: [ app_begin ] --START--
INFO: Run Behavior\ReadHtmlCacheBehavior [ RunTime:0.000558s ]
INFO: Run Behavior\CheckLangBehavior [ RunTime:0.000589s ]
INFO: [ app_begin ] --END-- [ RunTime:0.001630s ]
SQL: SHOW COLUMNS FROM `sp_ad` [ RunTime:0.0020s ]
SQL: SELECT * FROM `sp_ad` WHERE ( ad_content="top_hot_search" ) LIMIT 7   [ RunTime:0.0005s ]
NOTIC: [8] Undefined index: user /Applications/XAMPP/xamppfiles/htdocs/trunk/job/application/Order/Controller/CartController.class.php 第 11 行.
NOTIC: [8] Undefined index: user /Applications/XAMPP/xamppfiles/htdocs/trunk/job/application/Order/Controller/CartController.class.php 第 174 行.
NOTIC: [8] Undefined index: cart /Applications/XAMPP/xamppfiles/htdocs/trunk/job/application/Order/Controller/CartController.class.php 第 182 行.
NOTIC: [2] Invalid argument supplied for foreach() /Applications/XAMPP/xamppfiles/htdocs/trunk/job/application/Order/Controller/CartController.class.php 第 184 行.
SQL: SHOW COLUMNS FROM `sp_goods` [ RunTime:0.0025s ]
SQL: SELECT `id`,`name`,`smallimage`,`price`,`pricespe`,`weight` FROM `sp_goods` WHERE `id` IN ('')  [ RunTime:0.0002s ]
NOTIC: [2] Invalid argument supplied for foreach() /Applications/XAMPP/xamppfiles/htdocs/trunk/job/application/Order/Controller/CartController.class.php 第 209 行.
NOTIC: [8] Undefined index: cart /Applications/XAMPP/xamppfiles/htdocs/trunk/job/application/Order/Controller/CartController.class.php 第 13 行.
NOTIC: [8] Undefined index: user /Applications/XAMPP/xamppfiles/htdocs/trunk/job/application/Order/Controller/CartController.class.php 第 174 行.
NOTIC: [8] Undefined index: cart /Applications/XAMPP/xamppfiles/htdocs/trunk/job/application/Order/Controller/CartController.class.php 第 182 行.
NOTIC: [2] Invalid argument supplied for foreach() /Applications/XAMPP/xamppfiles/htdocs/trunk/job/application/Order/Controller/CartController.class.php 第 184 行.
SQL: SELECT `id`,`name`,`smallimage`,`price`,`pricespe`,`weight` FROM `sp_goods` WHERE `id` IN ('')  [ RunTime:0.0002s ]
NOTIC: [2] Invalid argument supplied for foreach() /Applications/XAMPP/xamppfiles/htdocs/trunk/job/application/Order/Controller/CartController.class.php 第 209 行.
NOTIC: [8] Undefined index: cart /Applications/XAMPP/xamppfiles/htdocs/trunk/job/application/Common/Controller/HomeBaseController.class.php 第 48 行.

[ 2015-07-12T00:25:34+08:00 ] 127.0.0.1 /index.php?g=Portal&m=Jobs&a=lists
ERR: SQLSTATE[42000]: Syntax error or access violation: 1064 You have an error in your SQL syntax; check the manual that corresponds to your MySQL server version for the right syntax to use near 'and j.status=2 order by j.refreshtime desc limit 0,10' at line 1

[ 2015-07-12T21:17:33+08:00 ] 127.0.0.1 /index.php?g=Portal&m=Index&a=getWiki
INFO: [ app_begin ] --START--
INFO: Run Behavior\ReadHtmlCacheBehavior [ RunTime:0.000573s ]
INFO: Run Behavior\CheckLangBehavior [ RunTime:0.000598s ]
INFO: [ app_begin ] --END-- [ RunTime:0.001593s ]
SQL: SHOW COLUMNS FROM `sp_ad` [ RunTime:0.0014s ]
SQL: SELECT * FROM `sp_ad` WHERE ( ad_content="top_hot_search" ) LIMIT 7   [ RunTime:0.0006s ]
NOTIC: [8] Undefined index: user /Applications/XAMPP/xamppfiles/htdocs/trunk/job/application/Order/Controller/CartController.class.php 第 11 行.
NOTIC: [8] Undefined index: user /Applications/XAMPP/xamppfiles/htdocs/trunk/job/application/Order/Controller/CartController.class.php 第 174 行.
NOTIC: [8] Undefined index: cart /Applications/XAMPP/xamppfiles/htdocs/trunk/job/application/Order/Controller/CartController.class.php 第 182 行.
NOTIC: [2] Invalid argument supplied for foreach() /Applications/XAMPP/xamppfiles/htdocs/trunk/job/application/Order/Controller/CartController.class.php 第 184 行.
SQL: SHOW COLUMNS FROM `sp_goods` [ RunTime:0.0018s ]
SQL: SELECT `id`,`name`,`smallimage`,`price`,`pricespe`,`weight` FROM `sp_goods` WHERE `id` IN ('')  [ RunTime:0.0003s ]
NOTIC: [2] Invalid argument supplied for foreach() /Applications/XAMPP/xamppfiles/htdocs/trunk/job/application/Order/Controller/CartController.class.php 第 209 行.
NOTIC: [8] Undefined index: cart /Applications/XAMPP/xamppfiles/htdocs/trunk/job/application/Order/Controller/CartController.class.php 第 13 行.
NOTIC: [8] Undefined index: user /Applications/XAMPP/xamppfiles/htdocs/trunk/job/application/Order/Controller/CartController.class.php 第 174 行.
NOTIC: [8] Undefined index: cart /Applications/XAMPP/xamppfiles/htdocs/trunk/job/application/Order/Controller/CartController.class.php 第 182 行.
NOTIC: [2] Invalid argument supplied for foreach() /Applications/XAMPP/xamppfiles/htdocs/trunk/job/application/Order/Controller/CartController.class.php 第 184 行.
SQL: SELECT `id`,`name`,`smallimage`,`price`,`pricespe`,`weight` FROM `sp_goods` WHERE `id` IN ('')  [ RunTime:0.0003s ]
NOTIC: [2] Invalid argument supplied for foreach() /Applications/XAMPP/xamppfiles/htdocs/trunk/job/application/Order/Controller/CartController.class.php 第 209 行.
NOTIC: [8] Undefined index: cart /Applications/XAMPP/xamppfiles/htdocs/trunk/job/application/Common/Controller/HomeBaseController.class.php 第 48 行.

