[ 2015-07-10T00:01:56+08:00 ] 127.0.0.1 /index.php?g=Portal&m=Index&a=index
ERR: SQLSTATE[42S22]: Column not found: 1054 Unknown column 'j.work_city' in 'where clause'

[ 2015-07-10T00:12:14+08:00 ] 127.0.0.1 /index.php?g=portal&m=jobs&a=lists&keyword=%E6%B7%B1%E5%9C%B3
ERR: SQLSTATE[42000]: Syntax error or access violation: 1064 You have an error in your SQL syntax; check the manual that corresponds to your MySQL server version for the right syntax to use near 'a order by j.refreshtime desc limit 0,10' at line 1

[ 2015-07-10T09:19:47+08:00 ] 127.0.0.1 /
ERR: SQLSTATE[HY000] [1045] Access denied for user 'root'@'localhost' (using password: YES)

[ 2015-07-10T09:19:48+08:00 ] 127.0.0.1 /
ERR: SQLSTATE[HY000] [1045] Access denied for user 'root'@'localhost' (using password: YES)

[ 2015-07-10T09:20:23+08:00 ] 127.0.0.1 /
ERR: SQLSTATE[42000]: Syntax error or access violation: 1064 You have an error in your SQL syntax; check the manual that corresponds to your MySQL server version for the right syntax to use near 'limit 0,12' at line 1

[ 2015-07-10T09:20:29+08:00 ] 127.0.0.1 /
ERR: SQLSTATE[42000]: Syntax error or access violation: 1064 You have an error in your SQL syntax; check the manual that corresponds to your MySQL server version for the right syntax to use near 'limit 0,12' at line 1

[ 2015-07-10T09:21:26+08:00 ] 127.0.0.1 /
ERR: SQLSTATE[42000]: Syntax error or access violation: 1064 You have an error in your SQL syntax; check the manual that corresponds to your MySQL server version for the right syntax to use near 'limit 0,12' at line 1

[ 2015-07-10T09:24:24+08:00 ] 127.0.0.1 /
ERR: SQLSTATE[42000]: Syntax error or access violation: 1064 You have an error in your SQL syntax; check the manual that corresponds to your MySQL server version for the right syntax to use near 'limit 0,12' at line 1

[ 2015-07-10T12:50:48+08:00 ] 127.0.0.1 /
ERR: SQLSTATE[42000]: Syntax error or access violation: 1064 You have an error in your SQL syntax; check the manual that corresponds to your MySQL server version for the right syntax to use near 'limit 0,12' at line 1

[ 2015-07-10T12:51:27+08:00 ] 127.0.0.1 /
ERR: SQLSTATE[42000]: Syntax error or access violation: 1064 You have an error in your SQL syntax; check the manual that corresponds to your MySQL server version for the right syntax to use near 'limit 0,12' at line 1

[ 2015-07-10T12:51:28+08:00 ] 127.0.0.1 /
ERR: SQLSTATE[42000]: Syntax error or access violation: 1064 You have an error in your SQL syntax; check the manual that corresponds to your MySQL server version for the right syntax to use near 'limit 0,12' at line 1

[ 2015-07-10T12:51:28+08:00 ] 127.0.0.1 /
ERR: SQLSTATE[42000]: Syntax error or access violation: 1064 You have an error in your SQL syntax; check the manual that corresponds to your MySQL server version for the right syntax to use near 'limit 0,12' at line 1

[ 2015-07-10T12:51:28+08:00 ] 127.0.0.1 /
ERR: SQLSTATE[42000]: Syntax error or access violation: 1064 You have an error in your SQL syntax; check the manual that corresponds to your MySQL server version for the right syntax to use near 'limit 0,12' at line 1

[ 2015-07-10T12:51:28+08:00 ] 127.0.0.1 /
ERR: SQLSTATE[42000]: Syntax error or access violation: 1064 You have an error in your SQL syntax; check the manual that corresponds to your MySQL server version for the right syntax to use near 'limit 0,12' at line 1

[ 2015-07-10T12:51:29+08:00 ] 127.0.0.1 /
ERR: SQLSTATE[42000]: Syntax error or access violation: 1064 You have an error in your SQL syntax; check the manual that corresponds to your MySQL server version for the right syntax to use near 'limit 0,12' at line 1

[ 2015-07-10T13:20:22+08:00 ] 127.0.0.1 /index.php?g=&m=Portal&a=getWiki
INFO: [ app_begin ] --START--
INFO: Run Behavior\ReadHtmlCacheBehavior [ RunTime:0.000000s ]
INFO: Run Behavior\CheckLangBehavior [ RunTime:0.001000s ]
INFO: [ app_begin ] --END-- [ RunTime:0.001000s ]
ERR: 无法加载控制器:Portal

[ 2015-07-10T13:20:56+08:00 ] 127.0.0.1 /index.php?g=Portal&m=Index&a=getWiki
INFO: [ app_begin ] --START--
INFO: Run Behavior\ReadHtmlCacheBehavior [ RunTime:0.000000s ]
INFO: Run Behavior\CheckLangBehavior [ RunTime:0.001000s ]
INFO: [ app_begin ] --END-- [ RunTime:0.002000s ]
SQL: SHOW COLUMNS FROM `sp_ad` [ RunTime:0.0030s ]
SQL: SELECT * FROM `sp_ad` WHERE ( ad_content="top_hot_search" ) LIMIT 7   [ RunTime:0.0010s ]
NOTIC: [8] Undefined index: user F:\zhaopin\trunk\application\Order\Controller\CartController.class.php 第 11 行.
NOTIC: [8] Undefined index: user F:\zhaopin\trunk\application\Order\Controller\CartController.class.php 第 174 行.
NOTIC: [8] Undefined index: cart F:\zhaopin\trunk\application\Order\Controller\CartController.class.php 第 182 行.
NOTIC: [2] Invalid argument supplied for foreach() F:\zhaopin\trunk\application\Order\Controller\CartController.class.php 第 184 行.
SQL: SHOW COLUMNS FROM `sp_goods` [ RunTime:0.0040s ]
SQL: SELECT `id`,`name`,`smallimage`,`price`,`pricespe`,`weight` FROM `sp_goods` WHERE `id` IN ('')  [ RunTime:0.0010s ]
NOTIC: [2] Invalid argument supplied for foreach() F:\zhaopin\trunk\application\Order\Controller\CartController.class.php 第 209 行.
NOTIC: [8] Undefined index: cart F:\zhaopin\trunk\application\Order\Controller\CartController.class.php 第 13 行.
NOTIC: [8] Undefined index: user F:\zhaopin\trunk\application\Order\Controller\CartController.class.php 第 174 行.
NOTIC: [8] Undefined index: cart F:\zhaopin\trunk\application\Order\Controller\CartController.class.php 第 182 行.
NOTIC: [2] Invalid argument supplied for foreach() F:\zhaopin\trunk\application\Order\Controller\CartController.class.php 第 184 行.
SQL: SELECT `id`,`name`,`smallimage`,`price`,`pricespe`,`weight` FROM `sp_goods` WHERE `id` IN ('')  [ RunTime:0.0010s ]
NOTIC: [2] Invalid argument supplied for foreach() F:\zhaopin\trunk\application\Order\Controller\CartController.class.php 第 209 行.
NOTIC: [8] Undefined index: cart F:\zhaopin\trunk\application\Common\Controller\HomeBaseController.class.php 第 48 行.

[ 2015-07-10T16:51:30+08:00 ] 127.0.0.1 /index.php?g=Portal&m=Index&a=getWiki
INFO: [ app_begin ] --START--
INFO: Run Behavior\ReadHtmlCacheBehavior [ RunTime:0.001000s ]
INFO: Run Behavior\CheckLangBehavior [ RunTime:0.000000s ]
INFO: [ app_begin ] --END-- [ RunTime:0.001000s ]
SQL: SHOW COLUMNS FROM `sp_ad` [ RunTime:0.0040s ]
SQL: SELECT * FROM `sp_ad` WHERE ( ad_content="top_hot_search" ) LIMIT 7   [ RunTime:0.0000s ]
NOTIC: [8] Undefined index: user F:\zhaopin\trunk\application\Order\Controller\CartController.class.php 第 11 行.
NOTIC: [8] Undefined index: user F:\zhaopin\trunk\application\Order\Controller\CartController.class.php 第 174 行.
NOTIC: [8] Undefined index: cart F:\zhaopin\trunk\application\Order\Controller\CartController.class.php 第 182 行.
NOTIC: [2] Invalid argument supplied for foreach() F:\zhaopin\trunk\application\Order\Controller\CartController.class.php 第 184 行.
SQL: SHOW COLUMNS FROM `sp_goods` [ RunTime:0.0040s ]
SQL: SELECT `id`,`name`,`smallimage`,`price`,`pricespe`,`weight` FROM `sp_goods` WHERE `id` IN ('')  [ RunTime:0.0010s ]
NOTIC: [2] Invalid argument supplied for foreach() F:\zhaopin\trunk\application\Order\Controller\CartController.class.php 第 209 行.
NOTIC: [8] Undefined index: cart F:\zhaopin\trunk\application\Order\Controller\CartController.class.php 第 13 行.
NOTIC: [8] Undefined index: user F:\zhaopin\trunk\application\Order\Controller\CartController.class.php 第 174 行.
NOTIC: [8] Undefined index: cart F:\zhaopin\trunk\application\Order\Controller\CartController.class.php 第 182 行.
NOTIC: [2] Invalid argument supplied for foreach() F:\zhaopin\trunk\application\Order\Controller\CartController.class.php 第 184 行.
SQL: SELECT `id`,`name`,`smallimage`,`price`,`pricespe`,`weight` FROM `sp_goods` WHERE `id` IN ('')  [ RunTime:0.0010s ]
NOTIC: [2] Invalid argument supplied for foreach() F:\zhaopin\trunk\application\Order\Controller\CartController.class.php 第 209 行.
NOTIC: [8] Undefined index: cart F:\zhaopin\trunk\application\Common\Controller\HomeBaseController.class.php 第 48 行.

[ 2015-07-10T21:20:59+08:00 ] 127.0.0.1 /index.php?g=Portal&m=Index&a=getWiki
INFO: [ app_begin ] --START--
INFO: Run Behavior\ReadHtmlCacheBehavior [ RunTime:0.000568s ]
INFO: Run Behavior\CheckLangBehavior [ RunTime:0.000546s ]
INFO: [ app_begin ] --END-- [ RunTime:0.001582s ]
SQL: SHOW COLUMNS FROM `sp_ad` [ RunTime:0.0018s ]
SQL: SELECT * FROM `sp_ad` WHERE ( ad_content="top_hot_search" ) LIMIT 7   [ RunTime:0.0008s ]
SQL: SHOW COLUMNS FROM `sp_cart` [ RunTime:0.0016s ]
SQL: SELECT * FROM `sp_cart` WHERE `uid` = 15 ORDER BY id asc  [ RunTime:0.0003s ]
SQL: SHOW COLUMNS FROM `sp_goods` [ RunTime:0.0019s ]
SQL: SELECT `id`,`name`,`smallimage`,`price`,`pricespe`,`weight` FROM `sp_goods` WHERE `id` IN ('103')  [ RunTime:0.0004s ]
SQL: SELECT * FROM `sp_cart` WHERE `uid` = 15 ORDER BY id asc  [ RunTime:0.0003s ]
SQL: SELECT `id`,`name`,`smallimage`,`price`,`pricespe`,`weight` FROM `sp_goods` WHERE `id` IN ('103')  [ RunTime:0.0003s ]

[ 2015-07-10T23:17:54+08:00 ] 127.0.0.1 /index.php?g=Portal&m=Index&a=getWiki
INFO: [ app_begin ] --START--
INFO: Run Behavior\ReadHtmlCacheBehavior [ RunTime:0.000390s ]
INFO: Run Behavior\CheckLangBehavior [ RunTime:0.000585s ]
INFO: [ app_begin ] --END-- [ RunTime:0.001352s ]
SQL: SHOW COLUMNS FROM `sp_ad` [ RunTime:0.0018s ]
SQL: SELECT * FROM `sp_ad` WHERE ( ad_content="top_hot_search" ) LIMIT 7   [ RunTime:0.0005s ]
NOTIC: [8] Undefined index: user /Applications/XAMPP/xamppfiles/htdocs/trunk/application/Order/Controller/CartController.class.php 第 11 行.
NOTIC: [8] Undefined index: user /Applications/XAMPP/xamppfiles/htdocs/trunk/application/Order/Controller/CartController.class.php 第 174 行.
NOTIC: [8] Undefined index: cart /Applications/XAMPP/xamppfiles/htdocs/trunk/application/Order/Controller/CartController.class.php 第 182 行.
NOTIC: [2] Invalid argument supplied for foreach() /Applications/XAMPP/xamppfiles/htdocs/trunk/application/Order/Controller/CartController.class.php 第 184 行.
SQL: SHOW COLUMNS FROM `sp_goods` [ RunTime:0.0017s ]
SQL: SELECT `id`,`name`,`smallimage`,`price`,`pricespe`,`weight` FROM `sp_goods` WHERE `id` IN ('')  [ RunTime:0.0003s ]
NOTIC: [2] Invalid argument supplied for foreach() /Applications/XAMPP/xamppfiles/htdocs/trunk/application/Order/Controller/CartController.class.php 第 209 行.
NOTIC: [8] Undefined index: cart /Applications/XAMPP/xamppfiles/htdocs/trunk/application/Order/Controller/CartController.class.php 第 13 行.
NOTIC: [8] Undefined index: user /Applications/XAMPP/xamppfiles/htdocs/trunk/application/Order/Controller/CartController.class.php 第 174 行.
NOTIC: [8] Undefined index: cart /Applications/XAMPP/xamppfiles/htdocs/trunk/application/Order/Controller/CartController.class.php 第 182 行.
NOTIC: [2] Invalid argument supplied for foreach() /Applications/XAMPP/xamppfiles/htdocs/trunk/application/Order/Controller/CartController.class.php 第 184 行.
SQL: SELECT `id`,`name`,`smallimage`,`price`,`pricespe`,`weight` FROM `sp_goods` WHERE `id` IN ('')  [ RunTime:0.0004s ]
NOTIC: [2] Invalid argument supplied for foreach() /Applications/XAMPP/xamppfiles/htdocs/trunk/application/Order/Controller/CartController.class.php 第 209 行.
NOTIC: [8] Undefined index: cart /Applications/XAMPP/xamppfiles/htdocs/trunk/application/Common/Controller/HomeBaseController.class.php 第 48 行.

[ 2015-07-10T23:19:23+08:00 ] 127.0.0.1 /index.php?g=Portal&m=Jobs&a=lists
ERR: SQLSTATE[42000]: Syntax error or access violation: 1064 You have an error in your SQL syntax; check the manual that corresponds to your MySQL server version for the right syntax to use near 'order by j.refreshtime desc limit 0,10' at line 1

[ 2015-07-10T23:20:06+08:00 ] 127.0.0.1 /index.php?g=Portal&m=Jobs&a=lists
ERR: SQLSTATE[42000]: Syntax error or access violation: 1064 You have an error in your SQL syntax; check the manual that corresponds to your MySQL server version for the right syntax to use near 'order by j.refreshtime desc limit 0,10' at line 1

[ 2015-07-10T23:20:08+08:00 ] 127.0.0.1 /index.php?g=Portal&m=Jobs&a=lists
ERR: SQLSTATE[42000]: Syntax error or access violation: 1064 You have an error in your SQL syntax; check the manual that corresponds to your MySQL server version for the right syntax to use near 'order by j.refreshtime desc limit 0,10' at line 1

[ 2015-07-10T23:22:16+08:00 ] 127.0.0.1 /index.php?g=Portal&m=Jobs&a=lists
ERR: SQLSTATE[42000]: Syntax error or access violation: 1064 You have an error in your SQL syntax; check the manual that corresponds to your MySQL server version for the right syntax to use near 'order by j.refreshtime desc limit 0,10' at line 1

