[ 2015-07-25T16:17:37+08:00 ] 127.0.0.1 /index.php?g=Admin&m=public&a=dologin
INFO: [ app_begin ] --START--
INFO: Run Behavior\ReadHtmlCacheBehavior [ RunTime:0.000301s ]
INFO: Run Behavior\CheckLangBehavior [ RunTime:0.000378s ]
INFO: [ app_begin ] --END-- [ RunTime:0.000914s ]
NOTIC: [8192] mysql_connect(): The mysql extension is deprecated and will be removed in the future: use mysqli or PDO instead /Applications/XAMPP/xamppfiles/htdocs/trunk/job/simplewind/Core/Library/Think/Session/Driver/Db.class.php 第 95 行.
SQL: SHOW COLUMNS FROM `sp_users` [ RunTime:0.0034s ]
SQL: SELECT * FROM `sp_users` WHERE `user_login` = 'admin' LIMIT 1   [ RunTime:0.0006s ]
SQL: SHOW COLUMNS FROM `sp_role_user` [ RunTime:0.0023s ]
SQL: SELECT `role_id` FROM sp_role_user a INNER JOIN sp_role as b on a.role_id =b.id  WHERE `user_id` = '1' AND `status` = 1  [ RunTime:0.0022s ]
SQL: UPDATE `sp_users` SET `user_login`='admin',`user_pass`='c535018ee9467fef6171469e80d32c0559f88b37724589af',`user_nicename`='hhh',`user_email`='',`user_phone`='',`user_url`='www.badu.xm',`avatar`=NULL,`sex`='0',`birthday`='0000-00-00',`signature`='ddd',`last_login_ip`='127.0.0.1',`last_login_time`='2015-07-25 16:17:37',`create_time`='0000-00-00 00:00:00',`user_activation_key`='',`user_status`='1',`score`='0' WHERE `id` = '1' [ RunTime:0.0002s ]

[ 2015-07-25T16:18:19+08:00 ] 127.0.0.1 /index.php?g=Admin&m=Menu&a=index&menuid=100
NOTIC: D方法实例化没找到模型类Common\Model\AuthRuleModel

[ 2015-07-25T16:18:28+08:00 ] 127.0.0.1 /index.php?g=Admin&m=menu&a=spmy_export_menu
NOTIC: D方法实例化没找到模型类Common\Model\AuthRuleModel

[ 2015-07-25T16:18:30+08:00 ] 127.0.0.1 /index.php?g=Admin&m=menu&a=index
NOTIC: D方法实例化没找到模型类Common\Model\AuthRuleModel

[ 2015-07-25T16:18:32+08:00 ] 127.0.0.1 /index.php?g=Admin&m=menu&a=lists
NOTIC: D方法实例化没找到模型类Common\Model\AuthRuleModel

[ 2015-07-25T16:19:00+08:00 ] 127.0.0.1 /index.php?g=Admin&m=menu&a=add
NOTIC: D方法实例化没找到模型类Common\Model\AuthRuleModel

[ 2015-07-25T16:20:31+08:00 ] 127.0.0.1 /index.php?g=Admin&m=Menu&a=add_post
INFO: [ app_begin ] --START--
INFO: Run Behavior\ReadHtmlCacheBehavior [ RunTime:0.000421s ]
INFO: Run Behavior\CheckLangBehavior [ RunTime:0.000524s ]
INFO: [ app_begin ] --END-- [ RunTime:0.001273s ]
NOTIC: [8192] mysql_connect(): The mysql extension is deprecated and will be removed in the future: use mysqli or PDO instead /Applications/XAMPP/xamppfiles/htdocs/trunk/job/simplewind/Core/Library/Think/Session/Driver/Db.class.php 第 95 行.
SQL: SHOW COLUMNS FROM `sp_users` [ RunTime:0.0035s ]
SQL: SELECT * FROM `sp_users` WHERE ( id=1 ) LIMIT 1   [ RunTime:0.0004s ]
SQL: SHOW COLUMNS FROM `sp_menu` [ RunTime:0.0060s ]
NOTIC: D方法实例化没找到模型类Common\Model\AuthRuleModel
SQL: SHOW COLUMNS FROM `sp_auth_rule` [ RunTime:0.0021s ]
SQL: SELECT * FROM `sp_menu` WHERE `app` = 'Jobs' AND `model` = 'AdminJobs' AND `action` = 'index' LIMIT 1   [ RunTime:0.0009s ]
SQL: SELECT `parentid` FROM `sp_menu` WHERE `id` = 0 LIMIT 1   [ RunTime:0.0003s ]
SQL: INSERT INTO `sp_menu` (`parentid`,`name`,`app`,`model`,`action`,`data`,`icon`,`remark`,`status`,`type`) VALUES ('0','职位管理','Jobs','AdminJobs','index','','','','1','1') [ RunTime:0.0002s ]
SQL: SELECT * FROM `sp_auth_rule` WHERE `name` = 'jobs/adminjobs/index' LIMIT 1   [ RunTime:0.0007s ]

[ 2015-07-25T16:20:31+08:00 ] 127.0.0.1 /index.php?g=Admin&m=Menu&a=lists
NOTIC: D方法实例化没找到模型类Common\Model\AuthRuleModel

[ 2015-07-25T16:20:34+08:00 ] 127.0.0.1 /index.php?g=Admin&m=Menu&a=lists
NOTIC: D方法实例化没找到模型类Common\Model\AuthRuleModel

[ 2015-07-25T16:24:52+08:00 ] 127.0.0.1 /index.php?g=Admin&m=public&a=dologin
INFO: [ app_begin ] --START--
INFO: Run Behavior\ReadHtmlCacheBehavior [ RunTime:0.000382s ]
INFO: Run Behavior\CheckLangBehavior [ RunTime:0.000510s ]
INFO: [ app_begin ] --END-- [ RunTime:0.001186s ]
NOTIC: [8192] mysql_connect(): The mysql extension is deprecated and will be removed in the future: use mysqli or PDO instead /Applications/XAMPP/xamppfiles/htdocs/trunk/job/simplewind/Core/Library/Think/Session/Driver/Db.class.php 第 95 行.
SQL: SHOW COLUMNS FROM `sp_users` [ RunTime:0.0080s ]
SQL: SELECT * FROM `sp_users` WHERE `user_login` = 'admin' LIMIT 1   [ RunTime:0.0004s ]
SQL: SHOW COLUMNS FROM `sp_role_user` [ RunTime:0.0010s ]
SQL: SELECT `role_id` FROM sp_role_user a INNER JOIN sp_role as b on a.role_id =b.id  WHERE `user_id` = '1' AND `status` = 1  [ RunTime:0.0002s ]
SQL: UPDATE `sp_users` SET `user_login`='admin',`user_pass`='c535018ee9467fef6171469e80d32c0559f88b37724589af',`user_nicename`='hhh',`user_email`='',`user_phone`='',`user_url`='www.badu.xm',`avatar`=NULL,`sex`='0',`birthday`='0000-00-00',`signature`='ddd',`last_login_ip`='127.0.0.1',`last_login_time`='2015-07-25 16:24:52',`create_time`='0000-00-00 00:00:00',`user_activation_key`='',`user_status`='1',`score`='0' WHERE `id` = '1' [ RunTime:0.0003s ]

[ 2015-07-25T16:25:42+08:00 ] 127.0.0.1 /index.php?g=Admin&m=route&a=index
NOTIC: D方法实例化没找到模型类Common\Model\RouteModel

[ 2015-07-25T18:48:48+08:00 ] 127.0.0.1 /index.php?g=Admin&m=public&a=dologin
INFO: [ app_begin ] --START--
INFO: Run Behavior\ReadHtmlCacheBehavior [ RunTime:0.000301s ]
INFO: Run Behavior\CheckLangBehavior [ RunTime:0.000368s ]
INFO: [ app_begin ] --END-- [ RunTime:0.000910s ]
NOTIC: [8192] mysql_connect(): The mysql extension is deprecated and will be removed in the future: use mysqli or PDO instead /Applications/XAMPP/xamppfiles/htdocs/trunk/job/simplewind/Core/Library/Think/Session/Driver/Db.class.php 第 95 行.
SQL: SHOW COLUMNS FROM `sp_users` [ RunTime:0.0011s ]
SQL: SELECT * FROM `sp_users` WHERE `user_login` = 'admin' LIMIT 1   [ RunTime:0.0006s ]
SQL: SHOW COLUMNS FROM `sp_role_user` [ RunTime:0.0011s ]
SQL: SELECT `role_id` FROM sp_role_user a INNER JOIN sp_role as b on a.role_id =b.id  WHERE `user_id` = '1' AND `status` = 1  [ RunTime:0.0010s ]
SQL: UPDATE `sp_users` SET `user_login`='admin',`user_pass`='c535018ee9467fef6171469e80d32c0559f88b37724589af',`user_nicename`='hhh',`user_email`='',`user_phone`='',`user_url`='www.badu.xm',`avatar`=NULL,`sex`='0',`birthday`='0000-00-00',`signature`='ddd',`last_login_ip`='127.0.0.1',`last_login_time`='2015-07-25 18:48:48',`create_time`='0000-00-00 00:00:00',`user_activation_key`='',`user_status`='1',`score`='0' WHERE `id` = '1' [ RunTime:0.0006s ]

[ 2015-07-25T19:23:41+08:00 ] 127.0.0.1 /index.php?g=Admin&m=public&a=dologin
INFO: [ app_begin ] --START--
INFO: Run Behavior\ReadHtmlCacheBehavior [ RunTime:0.000303s ]
INFO: Run Behavior\CheckLangBehavior [ RunTime:0.000376s ]
INFO: [ app_begin ] --END-- [ RunTime:0.000917s ]
NOTIC: [8192] mysql_connect(): The mysql extension is deprecated and will be removed in the future: use mysqli or PDO instead /Applications/XAMPP/xamppfiles/htdocs/trunk/job/simplewind/Core/Library/Think/Session/Driver/Db.class.php 第 95 行.
SQL: SHOW COLUMNS FROM `sp_users` [ RunTime:0.0016s ]
SQL: SELECT * FROM `sp_users` WHERE `user_login` = 'admin' LIMIT 1   [ RunTime:0.0009s ]
SQL: SHOW COLUMNS FROM `sp_role_user` [ RunTime:0.0054s ]
SQL: SELECT `role_id` FROM sp_role_user a INNER JOIN sp_role as b on a.role_id =b.id  WHERE `user_id` = '1' AND `status` = 1  [ RunTime:0.0010s ]
SQL: UPDATE `sp_users` SET `user_login`='admin',`user_pass`='c535018ee9467fef6171469e80d32c0559f88b37724589af',`user_nicename`='hhh',`user_email`='',`user_phone`='',`user_url`='www.badu.xm',`avatar`=NULL,`sex`='0',`birthday`='0000-00-00',`signature`='ddd',`last_login_ip`='127.0.0.1',`last_login_time`='2015-07-25 19:23:41',`create_time`='0000-00-00 00:00:00',`user_activation_key`='',`user_status`='1',`score`='0' WHERE `id` = '1' [ RunTime:0.0005s ]

[ 2015-07-25T19:39:15+08:00 ] 127.0.0.1 /index.php?g=Admin&m=public&a=dologin
INFO: [ app_begin ] --START--
INFO: Run Behavior\ReadHtmlCacheBehavior [ RunTime:0.000303s ]
INFO: Run Behavior\CheckLangBehavior [ RunTime:0.000369s ]
INFO: [ app_begin ] --END-- [ RunTime:0.000914s ]
NOTIC: [8192] mysql_connect(): The mysql extension is deprecated and will be removed in the future: use mysqli or PDO instead /Applications/XAMPP/xamppfiles/htdocs/trunk/job/simplewind/Core/Library/Think/Session/Driver/Db.class.php 第 95 行.
SQL: SHOW COLUMNS FROM `sp_users` [ RunTime:0.0014s ]
SQL: SELECT * FROM `sp_users` WHERE `user_login` = 'admin' LIMIT 1   [ RunTime:0.0003s ]
SQL: SHOW COLUMNS FROM `sp_role_user` [ RunTime:0.0012s ]
SQL: SELECT `role_id` FROM sp_role_user a INNER JOIN sp_role as b on a.role_id =b.id  WHERE `user_id` = '1' AND `status` = 1  [ RunTime:0.0009s ]
SQL: UPDATE `sp_users` SET `user_login`='admin',`user_pass`='c535018ee9467fef6171469e80d32c0559f88b37724589af',`user_nicename`='hhh',`user_email`='',`user_phone`='',`user_url`='www.badu.xm',`avatar`=NULL,`sex`='0',`birthday`='0000-00-00',`signature`='ddd',`last_login_ip`='127.0.0.1',`last_login_time`='2015-07-25 19:39:15',`create_time`='0000-00-00 00:00:00',`user_activation_key`='',`user_status`='1',`score`='0' WHERE `id` = '1' [ RunTime:0.0006s ]

