[ 2015-07-27T21:13:07+08:00 ] 127.0.0.1 /index.php?g=Admin&m=public&a=dologin
INFO: [ app_begin ] --START--
INFO: Run Behavior\ReadHtmlCacheBehavior [ RunTime:0.000303s ]
INFO: Run Behavior\CheckLangBehavior [ RunTime:0.000354s ]
INFO: [ app_begin ] --END-- [ RunTime:0.000929s ]
NOTIC: [8192] mysql_connect(): The mysql extension is deprecated and will be removed in the future: use mysqli or PDO instead /Applications/XAMPP/xamppfiles/htdocs/trunk/job/simplewind/Core/Library/Think/Session/Driver/Db.class.php 第 95 行.
SQL: SHOW COLUMNS FROM `sp_users` [ RunTime:0.0015s ]
SQL: SELECT * FROM `sp_users` WHERE `user_login` = 'admin' LIMIT 1   [ RunTime:0.0004s ]
SQL: SHOW COLUMNS FROM `sp_role_user` [ RunTime:0.0012s ]
SQL: SELECT `role_id` FROM sp_role_user a INNER JOIN sp_role as b on a.role_id =b.id  WHERE `user_id` = '1' AND `status` = 1  [ RunTime:0.0003s ]
SQL: UPDATE `sp_users` SET `user_login`='admin',`user_pass`='c535018ee9467fef6171469e80d32c0559f88b37724589af',`user_nicename`='hhh',`user_email`='',`user_phone`='',`user_url`='www.badu.xm',`avatar`=NULL,`sex`='0',`birthday`='0000-00-00',`signature`='ddd',`last_login_ip`='127.0.0.1',`last_login_time`='2015-07-27 21:13:07',`create_time`='0000-00-00 00:00:00',`user_activation_key`='',`user_status`='1',`score`='0' WHERE `id` = '1' [ RunTime:0.0003s ]

[ 2015-07-27T21:37:44+08:00 ] 127.0.0.1 /index.php?g=Admin&m=public&a=dologin
INFO: [ app_begin ] --START--
INFO: Run Behavior\ReadHtmlCacheBehavior [ RunTime:0.000335s ]
INFO: Run Behavior\CheckLangBehavior [ RunTime:0.000551s ]
INFO: [ app_begin ] --END-- [ RunTime:0.001145s ]
NOTIC: [8192] mysql_connect(): The mysql extension is deprecated and will be removed in the future: use mysqli or PDO instead /Applications/XAMPP/xamppfiles/htdocs/trunk/job/simplewind/Core/Library/Think/Session/Driver/Db.class.php 第 95 行.
SQL: SHOW COLUMNS FROM `sp_users` [ RunTime:0.0014s ]
SQL: SELECT * FROM `sp_users` WHERE `user_login` = 'admin' LIMIT 1   [ RunTime:0.0003s ]
SQL: SHOW COLUMNS FROM `sp_role_user` [ RunTime:0.0011s ]
SQL: SELECT `role_id` FROM sp_role_user a INNER JOIN sp_role as b on a.role_id =b.id  WHERE `user_id` = '1' AND `status` = 1  [ RunTime:0.0003s ]
SQL: UPDATE `sp_users` SET `user_login`='admin',`user_pass`='c535018ee9467fef6171469e80d32c0559f88b37724589af',`user_nicename`='hhh',`user_email`='',`user_phone`='',`user_url`='www.badu.xm',`avatar`=NULL,`sex`='0',`birthday`='0000-00-00',`signature`='ddd',`last_login_ip`='127.0.0.1',`last_login_time`='2015-07-27 21:37:44',`create_time`='0000-00-00 00:00:00',`user_activation_key`='',`user_status`='1',`score`='0' WHERE `id` = '1' [ RunTime:0.0003s ]

