[ 2015-07-08T00:13:49+08:00 ] 127.0.0.1 /index.php?g=user&m=resume&a=aeresume
INFO: [ app_begin ] --START--
INFO: Run Behavior\ReadHtmlCacheBehavior [ RunTime:0.000347s ]
INFO: Run Behavior\CheckLangBehavior [ RunTime:0.000350s ]
INFO: [ app_begin ] --END-- [ RunTime:0.001009s ]
SQL: SHOW COLUMNS FROM `sp_ad` [ RunTime:0.0038s ]
SQL: SELECT * FROM `sp_ad` WHERE ( ad_content="top_hot_search" ) LIMIT 7   [ RunTime:0.0007s ]
SQL: SHOW COLUMNS FROM `sp_cart` [ RunTime:0.0010s ]
SQL: SELECT * FROM `sp_cart` WHERE `uid` = 15 ORDER BY id asc  [ RunTime:0.0003s ]
SQL: SHOW COLUMNS FROM `sp_goods` [ RunTime:0.0016s ]
SQL: SELECT `id`,`name`,`smallimage`,`price`,`pricespe`,`weight` FROM `sp_goods` WHERE `id` IN ('103')  [ RunTime:0.0003s ]
SQL: SELECT * FROM `sp_cart` WHERE `uid` = 15 ORDER BY id asc  [ RunTime:0.0002s ]
SQL: SELECT `id`,`name`,`smallimage`,`price`,`pricespe`,`weight` FROM `sp_goods` WHERE `id` IN ('103')  [ RunTime:0.0002s ]
SQL: SHOW COLUMNS FROM `sp_member` [ RunTime:0.0012s ]
SQL: SELECT * FROM `sp_member` WHERE `id` = '15' LIMIT 1   [ RunTime:0.0003s ]
SQL: SHOW COLUMNS FROM `sp_resume` [ RunTime:0.0011s ]
SQL: SHOW COLUMNS FROM `sp_region` [ RunTime:0.0012s ]
SQL: SELECT * FROM `sp_region` WHERE ( type=0 )  [ RunTime:0.0013s ]
INFO: [ view_parse ] --START--
INFO: [ template_filter ] --START--
INFO: Run Behavior\ContentReplaceBehavior [ RunTime:0.000085s ]
INFO: [ template_filter ] --END-- [ RunTime:0.000132s ]
NOTIC: [8] Undefined variable: edit /Applications/XAMPP/xamppfiles/htdocs/trunk/data/runtime/Cache/User/acc59f141ea67ff5360ee0ce9ad1996c.php 第 145 行.
NOTIC: [8] Undefined variable: resume /Applications/XAMPP/xamppfiles/htdocs/trunk/data/runtime/Cache/User/acc59f141ea67ff5360ee0ce9ad1996c.php 第 156 行.
NOTIC: [8] Undefined variable: resume /Applications/XAMPP/xamppfiles/htdocs/trunk/data/runtime/Cache/User/acc59f141ea67ff5360ee0ce9ad1996c.php 第 162 行.
NOTIC: [8] Undefined variable: resume /Applications/XAMPP/xamppfiles/htdocs/trunk/data/runtime/Cache/User/acc59f141ea67ff5360ee0ce9ad1996c.php 第 179 行.
NOTIC: [8] Undefined variable: resume /Applications/XAMPP/xamppfiles/htdocs/trunk/data/runtime/Cache/User/acc59f141ea67ff5360ee0ce9ad1996c.php 第 186 行.
NOTIC: [8] Undefined variable: resume /Applications/XAMPP/xamppfiles/htdocs/trunk/data/runtime/Cache/User/acc59f141ea67ff5360ee0ce9ad1996c.php 第 192 行.
NOTIC: [8] Undefined variable: resume /Applications/XAMPP/xamppfiles/htdocs/trunk/data/runtime/Cache/User/acc59f141ea67ff5360ee0ce9ad1996c.php 第 199 行.
NOTIC: [8] Undefined variable: resume /Applications/XAMPP/xamppfiles/htdocs/trunk/data/runtime/Cache/User/acc59f141ea67ff5360ee0ce9ad1996c.php 第 205 行.
NOTIC: [8] Undefined variable: resume /Applications/XAMPP/xamppfiles/htdocs/trunk/data/runtime/Cache/User/acc59f141ea67ff5360ee0ce9ad1996c.php 第 227 行.
NOTIC: [8] Undefined variable: edit /Applications/XAMPP/xamppfiles/htdocs/trunk/data/runtime/Cache/User/acc59f141ea67ff5360ee0ce9ad1996c.php 第 230 行.
NOTIC: [8] Undefined variable: edit /Applications/XAMPP/xamppfiles/htdocs/trunk/data/runtime/Cache/User/acc59f141ea67ff5360ee0ce9ad1996c.php 第 267 行.
INFO: Run Behavior\ParseTemplateBehavior [ RunTime:0.012258s ]
INFO: [ view_parse ] --END-- [ RunTime:0.012302s ]
INFO: [ view_filter ] --START--
INFO: Run Behavior\WriteHtmlCacheBehavior [ RunTime:0.000124s ]
INFO: Run Common\Behavior\TmplStripSpaceBehavior [ RunTime:0.000119s ]
INFO: [ view_filter ] --END-- [ RunTime:0.000291s ]
INFO: [ app_end ] --START--
INFO: Run Behavior\ShowPageTraceBehavior [ RunTime:0.000498s ]
INFO: [ app_end ] --END-- [ RunTime:0.000618s ]

[ 2015-07-08T00:14:13+08:00 ] 127.0.0.1 /index.php?g=user&m=resume&a=aeresume
INFO: [ app_begin ] --START--
INFO: Run Behavior\ReadHtmlCacheBehavior [ RunTime:0.000291s ]
INFO: Run Behavior\CheckLangBehavior [ RunTime:0.000293s ]
INFO: [ app_begin ] --END-- [ RunTime:0.000820s ]
SQL: SHOW COLUMNS FROM `sp_ad` [ RunTime:0.0016s ]
SQL: SELECT * FROM `sp_ad` WHERE ( ad_content="top_hot_search" ) LIMIT 7   [ RunTime:0.0005s ]
SQL: SHOW COLUMNS FROM `sp_cart` [ RunTime:0.0014s ]
SQL: SELECT * FROM `sp_cart` WHERE `uid` = 15 ORDER BY id asc  [ RunTime:0.0002s ]
SQL: SHOW COLUMNS FROM `sp_goods` [ RunTime:0.0014s ]
SQL: SELECT `id`,`name`,`smallimage`,`price`,`pricespe`,`weight` FROM `sp_goods` WHERE `id` IN ('103')  [ RunTime:0.0003s ]
SQL: SELECT * FROM `sp_cart` WHERE `uid` = 15 ORDER BY id asc  [ RunTime:0.0002s ]
SQL: SELECT `id`,`name`,`smallimage`,`price`,`pricespe`,`weight` FROM `sp_goods` WHERE `id` IN ('103')  [ RunTime:0.0002s ]
SQL: SHOW COLUMNS FROM `sp_member` [ RunTime:0.0011s ]
SQL: SELECT * FROM `sp_member` WHERE `id` = '15' LIMIT 1   [ RunTime:0.0003s ]
SQL: SHOW COLUMNS FROM `sp_resume` [ RunTime:0.0009s ]
SQL: INSERT INTO `sp_resume` (`title`,`name`,`age`,`gender`,`live_place`,`email`,`tel`,`height`,`degree`,`resume_content`,`uid`,`addtime`,`refreshtime`) VALUES ('java开发工程师','呼呼','20','1','宝安','','13128736345','0','小学','第三方的说法都是的说法都是第三方的说法都是佛挡杀佛第三方的说法都是的说法都是','15','1436285653','1436285653') [ RunTime:0.0010s ]

[ 2015-07-08T00:14:14+08:00 ] 127.0.0.1 /index.php?g=user&m=resume&a=index
INFO: [ app_begin ] --START--
INFO: Run Behavior\ReadHtmlCacheBehavior [ RunTime:0.000325s ]
INFO: Run Behavior\CheckLangBehavior [ RunTime:0.000334s ]
INFO: [ app_begin ] --END-- [ RunTime:0.000927s ]
SQL: SHOW COLUMNS FROM `sp_ad` [ RunTime:0.0027s ]
SQL: SELECT * FROM `sp_ad` WHERE ( ad_content="top_hot_search" ) LIMIT 7   [ RunTime:0.0004s ]
SQL: SHOW COLUMNS FROM `sp_cart` [ RunTime:0.0011s ]
SQL: SELECT * FROM `sp_cart` WHERE `uid` = 15 ORDER BY id asc  [ RunTime:0.0003s ]
SQL: SHOW COLUMNS FROM `sp_goods` [ RunTime:0.0016s ]
SQL: SELECT `id`,`name`,`smallimage`,`price`,`pricespe`,`weight` FROM `sp_goods` WHERE `id` IN ('103')  [ RunTime:0.0003s ]
SQL: SELECT * FROM `sp_cart` WHERE `uid` = 15 ORDER BY id asc  [ RunTime:0.0002s ]
SQL: SELECT `id`,`name`,`smallimage`,`price`,`pricespe`,`weight` FROM `sp_goods` WHERE `id` IN ('103')  [ RunTime:0.0001s ]
SQL: SHOW COLUMNS FROM `sp_member` [ RunTime:0.0012s ]
SQL: SELECT * FROM `sp_member` WHERE `id` = '15' LIMIT 1   [ RunTime:0.0006s ]
SQL: SHOW COLUMNS FROM `sp_resume` [ RunTime:0.0018s ]
SQL: SELECT * FROM `sp_resume` WHERE ( uid=15 ) ORDER BY id desc  [ RunTime:0.0003s ]
INFO: [ view_parse ] --START--
INFO: [ template_filter ] --START--
INFO: Run Behavior\ContentReplaceBehavior [ RunTime:0.000067s ]
INFO: [ template_filter ] --END-- [ RunTime:0.000114s ]
INFO: Run Behavior\ParseTemplateBehavior [ RunTime:0.012332s ]
INFO: [ view_parse ] --END-- [ RunTime:0.012382s ]
INFO: [ view_filter ] --START--
INFO: Run Behavior\WriteHtmlCacheBehavior [ RunTime:0.000160s ]
INFO: Run Common\Behavior\TmplStripSpaceBehavior [ RunTime:0.000127s ]
INFO: [ view_filter ] --END-- [ RunTime:0.000344s ]
INFO: [ app_end ] --START--
INFO: Run Behavior\ShowPageTraceBehavior [ RunTime:0.000484s ]
INFO: [ app_end ] --END-- [ RunTime:0.000531s ]

[ 2015-07-08T00:31:24+08:00 ] 127.0.0.1 /index.php?g=User&m=My&a=apply_job
INFO: [ app_begin ] --START--
INFO: Run Behavior\ReadHtmlCacheBehavior [ RunTime:0.000345s ]
INFO: Run Behavior\CheckLangBehavior [ RunTime:0.000354s ]
INFO: [ app_begin ] --END-- [ RunTime:0.000980s ]
SQL: SHOW COLUMNS FROM `sp_ad` [ RunTime:0.0039s ]
SQL: SELECT * FROM `sp_ad` WHERE ( ad_content="top_hot_search" ) LIMIT 7   [ RunTime:0.0007s ]
SQL: SHOW COLUMNS FROM `sp_cart` [ RunTime:0.0012s ]
SQL: SELECT * FROM `sp_cart` WHERE `uid` = 15 ORDER BY id asc  [ RunTime:0.0003s ]
SQL: SHOW COLUMNS FROM `sp_goods` [ RunTime:0.0015s ]
SQL: SELECT `id`,`name`,`smallimage`,`price`,`pricespe`,`weight` FROM `sp_goods` WHERE `id` IN ('103')  [ RunTime:0.0003s ]
SQL: SELECT * FROM `sp_cart` WHERE `uid` = 15 ORDER BY id asc  [ RunTime:0.0002s ]
SQL: SELECT `id`,`name`,`smallimage`,`price`,`pricespe`,`weight` FROM `sp_goods` WHERE `id` IN ('103')  [ RunTime:0.0002s ]
SQL: SHOW COLUMNS FROM `sp_order` [ RunTime:0.0016s ]
SQL: SHOW COLUMNS FROM `sp_member` [ RunTime:0.0012s ]
SQL: SELECT * FROM `sp_member` WHERE `id` = '15' LIMIT 1   [ RunTime:0.0003s ]

[ 2015-07-08T00:31:34+08:00 ] 127.0.0.1 /index.php?g=User&m=My&a=apply_job
INFO: [ app_begin ] --START--
INFO: Run Behavior\ReadHtmlCacheBehavior [ RunTime:0.000348s ]
INFO: Run Behavior\CheckLangBehavior [ RunTime:0.000355s ]
INFO: [ app_begin ] --END-- [ RunTime:0.000981s ]
SQL: SHOW COLUMNS FROM `sp_ad` [ RunTime:0.0032s ]
SQL: SELECT * FROM `sp_ad` WHERE ( ad_content="top_hot_search" ) LIMIT 7   [ RunTime:0.0005s ]
SQL: SHOW COLUMNS FROM `sp_cart` [ RunTime:0.0012s ]
SQL: SELECT * FROM `sp_cart` WHERE `uid` = 15 ORDER BY id asc  [ RunTime:0.0003s ]
SQL: SHOW COLUMNS FROM `sp_goods` [ RunTime:0.0015s ]
SQL: SELECT `id`,`name`,`smallimage`,`price`,`pricespe`,`weight` FROM `sp_goods` WHERE `id` IN ('103')  [ RunTime:0.0003s ]
SQL: SELECT * FROM `sp_cart` WHERE `uid` = 15 ORDER BY id asc  [ RunTime:0.0002s ]
SQL: SELECT `id`,`name`,`smallimage`,`price`,`pricespe`,`weight` FROM `sp_goods` WHERE `id` IN ('103')  [ RunTime:0.0002s ]
SQL: SHOW COLUMNS FROM `sp_order` [ RunTime:0.0015s ]
SQL: SHOW COLUMNS FROM `sp_member` [ RunTime:0.0013s ]
SQL: SELECT * FROM `sp_member` WHERE `id` = '15' LIMIT 1   [ RunTime:0.0003s ]

[ 2015-07-08T00:32:12+08:00 ] 127.0.0.1 /index.php?g=User&m=Jobs&a=apply_job
INFO: [ app_begin ] --START--
INFO: Run Behavior\ReadHtmlCacheBehavior [ RunTime:0.000553s ]
INFO: Run Behavior\CheckLangBehavior [ RunTime:0.000406s ]
INFO: [ app_begin ] --END-- [ RunTime:0.001357s ]
SQL: SHOW COLUMNS FROM `sp_ad` [ RunTime:0.0026s ]
SQL: SELECT * FROM `sp_ad` WHERE ( ad_content="top_hot_search" ) LIMIT 7   [ RunTime:0.0004s ]
SQL: SHOW COLUMNS FROM `sp_cart` [ RunTime:0.0012s ]
SQL: SELECT * FROM `sp_cart` WHERE `uid` = 15 ORDER BY id asc  [ RunTime:0.0003s ]
SQL: SHOW COLUMNS FROM `sp_goods` [ RunTime:0.0014s ]
SQL: SELECT `id`,`name`,`smallimage`,`price`,`pricespe`,`weight` FROM `sp_goods` WHERE `id` IN ('103')  [ RunTime:0.0003s ]
SQL: SELECT * FROM `sp_cart` WHERE `uid` = 15 ORDER BY id asc  [ RunTime:0.0002s ]
SQL: SELECT `id`,`name`,`smallimage`,`price`,`pricespe`,`weight` FROM `sp_goods` WHERE `id` IN ('103')  [ RunTime:0.0002s ]
SQL: SHOW COLUMNS FROM `sp_member` [ RunTime:0.0012s ]
SQL: SELECT * FROM `sp_member` WHERE `id` = '15' LIMIT 1   [ RunTime:0.0003s ]
SQL: SHOW COLUMNS FROM `sp_jobs` [ RunTime:0.0015s ]
SQL: SELECT * FROM `sp_jobs` WHERE `id` = 8 LIMIT 1   [ RunTime:0.0003s ]

[ 2015-07-08T19:47:22+08:00 ] 127.0.0.1 /index.php?g=user&m=resume&a=index
INFO: [ app_begin ] --START--
INFO: Run Behavior\ReadHtmlCacheBehavior [ RunTime:0.000514s ]
INFO: Run Behavior\CheckLangBehavior [ RunTime:0.000537s ]
INFO: [ app_begin ] --END-- [ RunTime:0.001478s ]
SQL: SHOW COLUMNS FROM `sp_ad` [ RunTime:0.0052s ]
SQL: SELECT * FROM `sp_ad` WHERE ( ad_content="top_hot_search" ) LIMIT 7   [ RunTime:0.0009s ]
SQL: SHOW COLUMNS FROM `sp_cart` [ RunTime:0.0016s ]
SQL: SELECT * FROM `sp_cart` WHERE `uid` = 15 ORDER BY id asc  [ RunTime:0.0003s ]
SQL: SHOW COLUMNS FROM `sp_goods` [ RunTime:0.0020s ]
SQL: SELECT `id`,`name`,`smallimage`,`price`,`pricespe`,`weight` FROM `sp_goods` WHERE `id` IN ('103')  [ RunTime:0.0004s ]
SQL: SELECT * FROM `sp_cart` WHERE `uid` = 15 ORDER BY id asc  [ RunTime:0.0072s ]
SQL: SELECT `id`,`name`,`smallimage`,`price`,`pricespe`,`weight` FROM `sp_goods` WHERE `id` IN ('103')  [ RunTime:0.0009s ]
SQL: SHOW COLUMNS FROM `sp_member` [ RunTime:0.0064s ]
SQL: SELECT * FROM `sp_member` WHERE `id` = '15' LIMIT 1   [ RunTime:0.0008s ]
SQL: SHOW COLUMNS FROM `sp_resume` [ RunTime:0.0023s ]
SQL: SELECT * FROM `sp_resume` WHERE ( uid=15 ) ORDER BY id desc  [ RunTime:0.0006s ]
INFO: [ view_parse ] --START--
INFO: [ template_filter ] --START--
INFO: Run Behavior\ContentReplaceBehavior [ RunTime:0.000113s ]
INFO: [ template_filter ] --END-- [ RunTime:0.000204s ]
INFO: Run Behavior\ParseTemplateBehavior [ RunTime:0.032901s ]
INFO: [ view_parse ] --END-- [ RunTime:0.032985s ]
INFO: [ view_filter ] --START--
INFO: Run Behavior\WriteHtmlCacheBehavior [ RunTime:0.000245s ]
INFO: Run Common\Behavior\TmplStripSpaceBehavior [ RunTime:0.000180s ]
INFO: [ view_filter ] --END-- [ RunTime:0.000516s ]
INFO: [ app_end ] --START--
INFO: Run Behavior\ShowPageTraceBehavior [ RunTime:0.000597s ]
INFO: [ app_end ] --END-- [ RunTime:0.000668s ]

[ 2015-07-08T19:47:22+08:00 ] 127.0.0.1 /index.php?g=user&m=my&a=profile
INFO: [ app_begin ] --START--
INFO: Run Behavior\ReadHtmlCacheBehavior [ RunTime:0.001251s ]
INFO: Run Behavior\CheckLangBehavior [ RunTime:0.000615s ]
INFO: [ app_begin ] --END-- [ RunTime:0.002389s ]
SQL: SHOW COLUMNS FROM `sp_ad` [ RunTime:0.0020s ]
SQL: SELECT * FROM `sp_ad` WHERE ( ad_content="top_hot_search" ) LIMIT 7   [ RunTime:0.0009s ]
SQL: SHOW COLUMNS FROM `sp_cart` [ RunTime:0.0016s ]
SQL: SELECT * FROM `sp_cart` WHERE `uid` = 15 ORDER BY id asc  [ RunTime:0.0005s ]
SQL: SHOW COLUMNS FROM `sp_goods` [ RunTime:0.0027s ]
SQL: SELECT `id`,`name`,`smallimage`,`price`,`pricespe`,`weight` FROM `sp_goods` WHERE `id` IN ('103')  [ RunTime:0.0004s ]
SQL: SELECT * FROM `sp_cart` WHERE `uid` = 15 ORDER BY id asc  [ RunTime:0.0009s ]
SQL: SELECT `id`,`name`,`smallimage`,`price`,`pricespe`,`weight` FROM `sp_goods` WHERE `id` IN ('103')  [ RunTime:0.0004s ]
SQL: SHOW COLUMNS FROM `sp_order` [ RunTime:0.0025s ]
SQL: SHOW COLUMNS FROM `sp_member` [ RunTime:0.0020s ]
SQL: SELECT * FROM `sp_member` WHERE `id` = '15' LIMIT 1   [ RunTime:0.0005s ]
SQL: SELECT * FROM `sp_member` WHERE `id` = '15' LIMIT 1   [ RunTime:0.0017s ]
INFO: [ view_parse ] --START--
INFO: [ template_filter ] --START--
INFO: Run Behavior\ContentReplaceBehavior [ RunTime:0.000109s ]
INFO: [ template_filter ] --END-- [ RunTime:0.000197s ]
NOTIC: [8] Undefined offset: 1 /Applications/XAMPP/xamppfiles/htdocs/trunk/data/runtime/Cache/User/5163192a81e47158f171d8e0fdca7654.php 第 201 行.
NOTIC: [8] Undefined offset: 1 /Applications/XAMPP/xamppfiles/htdocs/trunk/data/runtime/Cache/User/5163192a81e47158f171d8e0fdca7654.php 第 201 行.
NOTIC: [8] Undefined offset: 1 /Applications/XAMPP/xamppfiles/htdocs/trunk/data/runtime/Cache/User/5163192a81e47158f171d8e0fdca7654.php 第 201 行.
NOTIC: [8] Undefined offset: 1 /Applications/XAMPP/xamppfiles/htdocs/trunk/data/runtime/Cache/User/5163192a81e47158f171d8e0fdca7654.php 第 201 行.
NOTIC: [8] Undefined offset: 1 /Applications/XAMPP/xamppfiles/htdocs/trunk/data/runtime/Cache/User/5163192a81e47158f171d8e0fdca7654.php 第 201 行.
NOTIC: [8] Undefined offset: 1 /Applications/XAMPP/xamppfiles/htdocs/trunk/data/runtime/Cache/User/5163192a81e47158f171d8e0fdca7654.php 第 201 行.
NOTIC: [8] Undefined offset: 1 /Applications/XAMPP/xamppfiles/htdocs/trunk/data/runtime/Cache/User/5163192a81e47158f171d8e0fdca7654.php 第 201 行.
NOTIC: [8] Undefined offset: 1 /Applications/XAMPP/xamppfiles/htdocs/trunk/data/runtime/Cache/User/5163192a81e47158f171d8e0fdca7654.php 第 201 行.
NOTIC: [8] Undefined offset: 1 /Applications/XAMPP/xamppfiles/htdocs/trunk/data/runtime/Cache/User/5163192a81e47158f171d8e0fdca7654.php 第 201 行.
NOTIC: [8] Undefined offset: 1 /Applications/XAMPP/xamppfiles/htdocs/trunk/data/runtime/Cache/User/5163192a81e47158f171d8e0fdca7654.php 第 201 行.
NOTIC: [8] Undefined offset: 1 /Applications/XAMPP/xamppfiles/htdocs/trunk/data/runtime/Cache/User/5163192a81e47158f171d8e0fdca7654.php 第 201 行.
NOTIC: [8] Undefined offset: 1 /Applications/XAMPP/xamppfiles/htdocs/trunk/data/runtime/Cache/User/5163192a81e47158f171d8e0fdca7654.php 第 201 行.
NOTIC: [8] Undefined offset: 1 /Applications/XAMPP/xamppfiles/htdocs/trunk/data/runtime/Cache/User/5163192a81e47158f171d8e0fdca7654.php 第 201 行.
NOTIC: [8] Undefined offset: 2 /Applications/XAMPP/xamppfiles/htdocs/trunk/data/runtime/Cache/User/5163192a81e47158f171d8e0fdca7654.php 第 205 行.
NOTIC: [8] Undefined offset: 2 /Applications/XAMPP/xamppfiles/htdocs/trunk/data/runtime/Cache/User/5163192a81e47158f171d8e0fdca7654.php 第 205 行.
NOTIC: [8] Undefined offset: 2 /Applications/XAMPP/xamppfiles/htdocs/trunk/data/runtime/Cache/User/5163192a81e47158f171d8e0fdca7654.php 第 205 行.
NOTIC: [8] Undefined offset: 2 /Applications/XAMPP/xamppfiles/htdocs/trunk/data/runtime/Cache/User/5163192a81e47158f171d8e0fdca7654.php 第 205 行.
NOTIC: [8] Undefined offset: 2 /Applications/XAMPP/xamppfiles/htdocs/trunk/data/runtime/Cache/User/5163192a81e47158f171d8e0fdca7654.php 第 205 行.
NOTIC: [8] Undefined offset: 2 /Applications/XAMPP/xamppfiles/htdocs/trunk/data/runtime/Cache/User/5163192a81e47158f171d8e0fdca7654.php 第 205 行.
NOTIC: [8] Undefined offset: 2 /Applications/XAMPP/xamppfiles/htdocs/trunk/data/runtime/Cache/User/5163192a81e47158f171d8e0fdca7654.php 第 205 行.
NOTIC: [8] Undefined offset: 2 /Applications/XAMPP/xamppfiles/htdocs/trunk/data/runtime/Cache/User/5163192a81e47158f171d8e0fdca7654.php 第 205 行.
NOTIC: [8] Undefined offset: 2 /Applications/XAMPP/xamppfiles/htdocs/trunk/data/runtime/Cache/User/5163192a81e47158f171d8e0fdca7654.php 第 205 行.
NOTIC: [8] Undefined offset: 2 /Applications/XAMPP/xamppfiles/htdocs/trunk/data/runtime/Cache/User/5163192a81e47158f171d8e0fdca7654.php 第 205 行.
NOTIC: [8] Undefined offset: 2 /Applications/XAMPP/xamppfiles/htdocs/trunk/data/runtime/Cache/User/5163192a81e47158f171d8e0fdca7654.php 第 205 行.
NOTIC: [8] Undefined offset: 2 /Applications/XAMPP/xamppfiles/htdocs/trunk/data/runtime/Cache/User/5163192a81e47158f171d8e0fdca7654.php 第 205 行.
NOTIC: [8] Undefined offset: 2 /Applications/XAMPP/xamppfiles/htdocs/trunk/data/runtime/Cache/User/5163192a81e47158f171d8e0fdca7654.php 第 205 行.
NOTIC: [8] Undefined offset: 2 /Applications/XAMPP/xamppfiles/htdocs/trunk/data/runtime/Cache/User/5163192a81e47158f171d8e0fdca7654.php 第 205 行.
NOTIC: [8] Undefined offset: 2 /Applications/XAMPP/xamppfiles/htdocs/trunk/data/runtime/Cache/User/5163192a81e47158f171d8e0fdca7654.php 第 205 行.
NOTIC: [8] Undefined offset: 2 /Applications/XAMPP/xamppfiles/htdocs/trunk/data/runtime/Cache/User/5163192a81e47158f171d8e0fdca7654.php 第 205 行.
NOTIC: [8] Undefined offset: 2 /Applications/XAMPP/xamppfiles/htdocs/trunk/data/runtime/Cache/User/5163192a81e47158f171d8e0fdca7654.php 第 205 行.
NOTIC: [8] Undefined offset: 2 /Applications/XAMPP/xamppfiles/htdocs/trunk/data/runtime/Cache/User/5163192a81e47158f171d8e0fdca7654.php 第 205 行.
NOTIC: [8] Undefined offset: 2 /Applications/XAMPP/xamppfiles/htdocs/trunk/data/runtime/Cache/User/5163192a81e47158f171d8e0fdca7654.php 第 205 行.
NOTIC: [8] Undefined offset: 2 /Applications/XAMPP/xamppfiles/htdocs/trunk/data/runtime/Cache/User/5163192a81e47158f171d8e0fdca7654.php 第 205 行.
NOTIC: [8] Undefined offset: 2 /Applications/XAMPP/xamppfiles/htdocs/trunk/data/runtime/Cache/User/5163192a81e47158f171d8e0fdca7654.php 第 205 行.
NOTIC: [8] Undefined offset: 2 /Applications/XAMPP/xamppfiles/htdocs/trunk/data/runtime/Cache/User/5163192a81e47158f171d8e0fdca7654.php 第 205 行.
NOTIC: [8] Undefined offset: 2 /Applications/XAMPP/xamppfiles/htdocs/trunk/data/runtime/Cache/User/5163192a81e47158f171d8e0fdca7654.php 第 205 行.
NOTIC: [8] Undefined offset: 2 /Applications/XAMPP/xamppfiles/htdocs/trunk/data/runtime/Cache/User/5163192a81e47158f171d8e0fdca7654.php 第 205 行.
NOTIC: [8] Undefined offset: 2 /Applications/XAMPP/xamppfiles/htdocs/trunk/data/runtime/Cache/User/5163192a81e47158f171d8e0fdca7654.php 第 205 行.
NOTIC: [8] Undefined offset: 2 /Applications/XAMPP/xamppfiles/htdocs/trunk/data/runtime/Cache/User/5163192a81e47158f171d8e0fdca7654.php 第 205 行.
NOTIC: [8] Undefined offset: 2 /Applications/XAMPP/xamppfiles/htdocs/trunk/data/runtime/Cache/User/5163192a81e47158f171d8e0fdca7654.php 第 205 行.
NOTIC: [8] Undefined offset: 2 /Applications/XAMPP/xamppfiles/htdocs/trunk/data/runtime/Cache/User/5163192a81e47158f171d8e0fdca7654.php 第 205 行.
NOTIC: [8] Undefined offset: 2 /Applications/XAMPP/xamppfiles/htdocs/trunk/data/runtime/Cache/User/5163192a81e47158f171d8e0fdca7654.php 第 205 行.
NOTIC: [8] Undefined offset: 2 /Applications/XAMPP/xamppfiles/htdocs/trunk/data/runtime/Cache/User/5163192a81e47158f171d8e0fdca7654.php 第 205 行.
NOTIC: [8] Undefined offset: 2 /Applications/XAMPP/xamppfiles/htdocs/trunk/data/runtime/Cache/User/5163192a81e47158f171d8e0fdca7654.php 第 205 行.
NOTIC: [8] Undefined offset: 2 /Applications/XAMPP/xamppfiles/htdocs/trunk/data/runtime/Cache/User/5163192a81e47158f171d8e0fdca7654.php 第 205 行.
INFO: Run Behavior\ParseTemplateBehavior [ RunTime:0.035608s ]
INFO: [ view_parse ] --END-- [ RunTime:0.035685s ]
INFO: [ view_filter ] --START--
INFO: Run Behavior\WriteHtmlCacheBehavior [ RunTime:0.000253s ]
INFO: Run Common\Behavior\TmplStripSpaceBehavior [ RunTime:0.000273s ]
INFO: [ view_filter ] --END-- [ RunTime:0.000628s ]
INFO: [ app_end ] --START--
INFO: Run Behavior\ShowPageTraceBehavior [ RunTime:0.001620s ]
INFO: [ app_end ] --END-- [ RunTime:0.001708s ]

[ 2015-07-08T19:48:21+08:00 ] 127.0.0.1 /index.php?g=user&m=my&a=profile
INFO: [ app_begin ] --START--
INFO: Run Behavior\ReadHtmlCacheBehavior [ RunTime:0.000375s ]
INFO: Run Behavior\CheckLangBehavior [ RunTime:0.000363s ]
INFO: [ app_begin ] --END-- [ RunTime:0.001027s ]
SQL: SHOW COLUMNS FROM `sp_ad` [ RunTime:0.0033s ]
SQL: SELECT * FROM `sp_ad` WHERE ( ad_content="top_hot_search" ) LIMIT 7   [ RunTime:0.0006s ]
SQL: SHOW COLUMNS FROM `sp_cart` [ RunTime:0.0010s ]
SQL: SELECT * FROM `sp_cart` WHERE `uid` = 15 ORDER BY id asc  [ RunTime:0.0003s ]
SQL: SHOW COLUMNS FROM `sp_goods` [ RunTime:0.0013s ]
SQL: SELECT `id`,`name`,`smallimage`,`price`,`pricespe`,`weight` FROM `sp_goods` WHERE `id` IN ('103')  [ RunTime:0.0005s ]
SQL: SELECT * FROM `sp_cart` WHERE `uid` = 15 ORDER BY id asc  [ RunTime:0.0002s ]
SQL: SELECT `id`,`name`,`smallimage`,`price`,`pricespe`,`weight` FROM `sp_goods` WHERE `id` IN ('103')  [ RunTime:0.0002s ]
SQL: SHOW COLUMNS FROM `sp_order` [ RunTime:0.0015s ]
SQL: SHOW COLUMNS FROM `sp_member` [ RunTime:0.0011s ]
SQL: SELECT * FROM `sp_member` WHERE `id` = '15' LIMIT 1   [ RunTime:0.0003s ]
SQL: SELECT * FROM `sp_member` WHERE `id` = '15' LIMIT 1   [ RunTime:0.0002s ]
INFO: [ view_parse ] --START--
INFO: [ template_filter ] --START--
INFO: Run Behavior\ContentReplaceBehavior [ RunTime:0.000086s ]
INFO: [ template_filter ] --END-- [ RunTime:0.000137s ]
NOTIC: [8] Undefined offset: 1 /Applications/XAMPP/xamppfiles/htdocs/trunk/data/runtime/Cache/User/5163192a81e47158f171d8e0fdca7654.php 第 201 行.
NOTIC: [8] Undefined offset: 1 /Applications/XAMPP/xamppfiles/htdocs/trunk/data/runtime/Cache/User/5163192a81e47158f171d8e0fdca7654.php 第 201 行.
NOTIC: [8] Undefined offset: 1 /Applications/XAMPP/xamppfiles/htdocs/trunk/data/runtime/Cache/User/5163192a81e47158f171d8e0fdca7654.php 第 201 行.
NOTIC: [8] Undefined offset: 1 /Applications/XAMPP/xamppfiles/htdocs/trunk/data/runtime/Cache/User/5163192a81e47158f171d8e0fdca7654.php 第 201 行.
NOTIC: [8] Undefined offset: 1 /Applications/XAMPP/xamppfiles/htdocs/trunk/data/runtime/Cache/User/5163192a81e47158f171d8e0fdca7654.php 第 201 行.
NOTIC: [8] Undefined offset: 1 /Applications/XAMPP/xamppfiles/htdocs/trunk/data/runtime/Cache/User/5163192a81e47158f171d8e0fdca7654.php 第 201 行.
NOTIC: [8] Undefined offset: 1 /Applications/XAMPP/xamppfiles/htdocs/trunk/data/runtime/Cache/User/5163192a81e47158f171d8e0fdca7654.php 第 201 行.
NOTIC: [8] Undefined offset: 1 /Applications/XAMPP/xamppfiles/htdocs/trunk/data/runtime/Cache/User/5163192a81e47158f171d8e0fdca7654.php 第 201 行.
NOTIC: [8] Undefined offset: 1 /Applications/XAMPP/xamppfiles/htdocs/trunk/data/runtime/Cache/User/5163192a81e47158f171d8e0fdca7654.php 第 201 行.
NOTIC: [8] Undefined offset: 1 /Applications/XAMPP/xamppfiles/htdocs/trunk/data/runtime/Cache/User/5163192a81e47158f171d8e0fdca7654.php 第 201 行.
NOTIC: [8] Undefined offset: 1 /Applications/XAMPP/xamppfiles/htdocs/trunk/data/runtime/Cache/User/5163192a81e47158f171d8e0fdca7654.php 第 201 行.
NOTIC: [8] Undefined offset: 1 /Applications/XAMPP/xamppfiles/htdocs/trunk/data/runtime/Cache/User/5163192a81e47158f171d8e0fdca7654.php 第 201 行.
NOTIC: [8] Undefined offset: 1 /Applications/XAMPP/xamppfiles/htdocs/trunk/data/runtime/Cache/User/5163192a81e47158f171d8e0fdca7654.php 第 201 行.
NOTIC: [8] Undefined offset: 2 /Applications/XAMPP/xamppfiles/htdocs/trunk/data/runtime/Cache/User/5163192a81e47158f171d8e0fdca7654.php 第 205 行.
NOTIC: [8] Undefined offset: 2 /Applications/XAMPP/xamppfiles/htdocs/trunk/data/runtime/Cache/User/5163192a81e47158f171d8e0fdca7654.php 第 205 行.
NOTIC: [8] Undefined offset: 2 /Applications/XAMPP/xamppfiles/htdocs/trunk/data/runtime/Cache/User/5163192a81e47158f171d8e0fdca7654.php 第 205 行.
NOTIC: [8] Undefined offset: 2 /Applications/XAMPP/xamppfiles/htdocs/trunk/data/runtime/Cache/User/5163192a81e47158f171d8e0fdca7654.php 第 205 行.
NOTIC: [8] Undefined offset: 2 /Applications/XAMPP/xamppfiles/htdocs/trunk/data/runtime/Cache/User/5163192a81e47158f171d8e0fdca7654.php 第 205 行.
NOTIC: [8] Undefined offset: 2 /Applications/XAMPP/xamppfiles/htdocs/trunk/data/runtime/Cache/User/5163192a81e47158f171d8e0fdca7654.php 第 205 行.
NOTIC: [8] Undefined offset: 2 /Applications/XAMPP/xamppfiles/htdocs/trunk/data/runtime/Cache/User/5163192a81e47158f171d8e0fdca7654.php 第 205 行.
NOTIC: [8] Undefined offset: 2 /Applications/XAMPP/xamppfiles/htdocs/trunk/data/runtime/Cache/User/5163192a81e47158f171d8e0fdca7654.php 第 205 行.
NOTIC: [8] Undefined offset: 2 /Applications/XAMPP/xamppfiles/htdocs/trunk/data/runtime/Cache/User/5163192a81e47158f171d8e0fdca7654.php 第 205 行.
NOTIC: [8] Undefined offset: 2 /Applications/XAMPP/xamppfiles/htdocs/trunk/data/runtime/Cache/User/5163192a81e47158f171d8e0fdca7654.php 第 205 行.
NOTIC: [8] Undefined offset: 2 /Applications/XAMPP/xamppfiles/htdocs/trunk/data/runtime/Cache/User/5163192a81e47158f171d8e0fdca7654.php 第 205 行.
NOTIC: [8] Undefined offset: 2 /Applications/XAMPP/xamppfiles/htdocs/trunk/data/runtime/Cache/User/5163192a81e47158f171d8e0fdca7654.php 第 205 行.
NOTIC: [8] Undefined offset: 2 /Applications/XAMPP/xamppfiles/htdocs/trunk/data/runtime/Cache/User/5163192a81e47158f171d8e0fdca7654.php 第 205 行.
NOTIC: [8] Undefined offset: 2 /Applications/XAMPP/xamppfiles/htdocs/trunk/data/runtime/Cache/User/5163192a81e47158f171d8e0fdca7654.php 第 205 行.
NOTIC: [8] Undefined offset: 2 /Applications/XAMPP/xamppfiles/htdocs/trunk/data/runtime/Cache/User/5163192a81e47158f171d8e0fdca7654.php 第 205 行.
NOTIC: [8] Undefined offset: 2 /Applications/XAMPP/xamppfiles/htdocs/trunk/data/runtime/Cache/User/5163192a81e47158f171d8e0fdca7654.php 第 205 行.
NOTIC: [8] Undefined offset: 2 /Applications/XAMPP/xamppfiles/htdocs/trunk/data/runtime/Cache/User/5163192a81e47158f171d8e0fdca7654.php 第 205 行.
NOTIC: [8] Undefined offset: 2 /Applications/XAMPP/xamppfiles/htdocs/trunk/data/runtime/Cache/User/5163192a81e47158f171d8e0fdca7654.php 第 205 行.
NOTIC: [8] Undefined offset: 2 /Applications/XAMPP/xamppfiles/htdocs/trunk/data/runtime/Cache/User/5163192a81e47158f171d8e0fdca7654.php 第 205 行.
NOTIC: [8] Undefined offset: 2 /Applications/XAMPP/xamppfiles/htdocs/trunk/data/runtime/Cache/User/5163192a81e47158f171d8e0fdca7654.php 第 205 行.
NOTIC: [8] Undefined offset: 2 /Applications/XAMPP/xamppfiles/htdocs/trunk/data/runtime/Cache/User/5163192a81e47158f171d8e0fdca7654.php 第 205 行.
NOTIC: [8] Undefined offset: 2 /Applications/XAMPP/xamppfiles/htdocs/trunk/data/runtime/Cache/User/5163192a81e47158f171d8e0fdca7654.php 第 205 行.
NOTIC: [8] Undefined offset: 2 /Applications/XAMPP/xamppfiles/htdocs/trunk/data/runtime/Cache/User/5163192a81e47158f171d8e0fdca7654.php 第 205 行.
NOTIC: [8] Undefined offset: 2 /Applications/XAMPP/xamppfiles/htdocs/trunk/data/runtime/Cache/User/5163192a81e47158f171d8e0fdca7654.php 第 205 行.
NOTIC: [8] Undefined offset: 2 /Applications/XAMPP/xamppfiles/htdocs/trunk/data/runtime/Cache/User/5163192a81e47158f171d8e0fdca7654.php 第 205 行.
NOTIC: [8] Undefined offset: 2 /Applications/XAMPP/xamppfiles/htdocs/trunk/data/runtime/Cache/User/5163192a81e47158f171d8e0fdca7654.php 第 205 行.
NOTIC: [8] Undefined offset: 2 /Applications/XAMPP/xamppfiles/htdocs/trunk/data/runtime/Cache/User/5163192a81e47158f171d8e0fdca7654.php 第 205 行.
NOTIC: [8] Undefined offset: 2 /Applications/XAMPP/xamppfiles/htdocs/trunk/data/runtime/Cache/User/5163192a81e47158f171d8e0fdca7654.php 第 205 行.
NOTIC: [8] Undefined offset: 2 /Applications/XAMPP/xamppfiles/htdocs/trunk/data/runtime/Cache/User/5163192a81e47158f171d8e0fdca7654.php 第 205 行.
NOTIC: [8] Undefined offset: 2 /Applications/XAMPP/xamppfiles/htdocs/trunk/data/runtime/Cache/User/5163192a81e47158f171d8e0fdca7654.php 第 205 行.
NOTIC: [8] Undefined offset: 2 /Applications/XAMPP/xamppfiles/htdocs/trunk/data/runtime/Cache/User/5163192a81e47158f171d8e0fdca7654.php 第 205 行.
NOTIC: [8] Undefined offset: 2 /Applications/XAMPP/xamppfiles/htdocs/trunk/data/runtime/Cache/User/5163192a81e47158f171d8e0fdca7654.php 第 205 行.
INFO: Run Behavior\ParseTemplateBehavior [ RunTime:0.012372s ]
INFO: [ view_parse ] --END-- [ RunTime:0.012413s ]
INFO: [ view_filter ] --START--
INFO: Run Behavior\WriteHtmlCacheBehavior [ RunTime:0.000130s ]
INFO: Run Common\Behavior\TmplStripSpaceBehavior [ RunTime:0.000122s ]
INFO: [ view_filter ] --END-- [ RunTime:0.000301s ]
INFO: [ app_end ] --START--
INFO: Run Behavior\ShowPageTraceBehavior [ RunTime:0.000378s ]
INFO: [ app_end ] --END-- [ RunTime:0.000417s ]

[ 2015-07-08T19:48:23+08:00 ] 127.0.0.1 /index.php?g=user&m=my&a=portrait
INFO: [ app_begin ] --START--
INFO: Run Behavior\ReadHtmlCacheBehavior [ RunTime:0.000456s ]
INFO: Run Behavior\CheckLangBehavior [ RunTime:0.000428s ]
INFO: [ app_begin ] --END-- [ RunTime:0.001146s ]
SQL: SHOW COLUMNS FROM `sp_ad` [ RunTime:0.0029s ]
SQL: SELECT * FROM `sp_ad` WHERE ( ad_content="top_hot_search" ) LIMIT 7   [ RunTime:0.0004s ]
SQL: SHOW COLUMNS FROM `sp_cart` [ RunTime:0.0009s ]
SQL: SELECT * FROM `sp_cart` WHERE `uid` = 15 ORDER BY id asc  [ RunTime:0.0003s ]
SQL: SHOW COLUMNS FROM `sp_goods` [ RunTime:0.0014s ]
SQL: SELECT `id`,`name`,`smallimage`,`price`,`pricespe`,`weight` FROM `sp_goods` WHERE `id` IN ('103')  [ RunTime:0.0002s ]
SQL: SELECT * FROM `sp_cart` WHERE `uid` = 15 ORDER BY id asc  [ RunTime:0.0002s ]
SQL: SELECT `id`,`name`,`smallimage`,`price`,`pricespe`,`weight` FROM `sp_goods` WHERE `id` IN ('103')  [ RunTime:0.0001s ]
SQL: SHOW COLUMNS FROM `sp_order` [ RunTime:0.0015s ]
SQL: SHOW COLUMNS FROM `sp_member` [ RunTime:0.0011s ]
SQL: SELECT * FROM `sp_member` WHERE `id` = '15' LIMIT 1   [ RunTime:0.0003s ]
INFO: [ view_parse ] --START--
INFO: [ template_filter ] --START--
INFO: Run Behavior\ContentReplaceBehavior [ RunTime:0.000085s ]
INFO: [ template_filter ] --END-- [ RunTime:0.000165s ]
INFO: Run Behavior\ParseTemplateBehavior [ RunTime:0.011271s ]
INFO: [ view_parse ] --END-- [ RunTime:0.011325s ]
INFO: [ view_filter ] --START--
INFO: Run Behavior\WriteHtmlCacheBehavior [ RunTime:0.000208s ]
INFO: Run Common\Behavior\TmplStripSpaceBehavior [ RunTime:0.000263s ]
INFO: [ view_filter ] --END-- [ RunTime:0.000566s ]
INFO: [ app_end ] --START--
INFO: Run Behavior\ShowPageTraceBehavior [ RunTime:0.000636s ]
INFO: [ app_end ] --END-- [ RunTime:0.000717s ]

[ 2015-07-08T19:48:26+08:00 ] 127.0.0.1 /index.php?g=user&m=my&a=profile
INFO: [ app_begin ] --START--
INFO: Run Behavior\ReadHtmlCacheBehavior [ RunTime:0.000362s ]
INFO: Run Behavior\CheckLangBehavior [ RunTime:0.000342s ]
INFO: [ app_begin ] --END-- [ RunTime:0.001000s ]
SQL: SHOW COLUMNS FROM `sp_ad` [ RunTime:0.0027s ]
SQL: SELECT * FROM `sp_ad` WHERE ( ad_content="top_hot_search" ) LIMIT 7   [ RunTime:0.0005s ]
SQL: SHOW COLUMNS FROM `sp_cart` [ RunTime:0.0010s ]
SQL: SELECT * FROM `sp_cart` WHERE `uid` = 15 ORDER BY id asc  [ RunTime:0.0003s ]
SQL: SHOW COLUMNS FROM `sp_goods` [ RunTime:0.0013s ]
SQL: SELECT `id`,`name`,`smallimage`,`price`,`pricespe`,`weight` FROM `sp_goods` WHERE `id` IN ('103')  [ RunTime:0.0003s ]
SQL: SELECT * FROM `sp_cart` WHERE `uid` = 15 ORDER BY id asc  [ RunTime:0.0002s ]
SQL: SELECT `id`,`name`,`smallimage`,`price`,`pricespe`,`weight` FROM `sp_goods` WHERE `id` IN ('103')  [ RunTime:0.0002s ]
SQL: SHOW COLUMNS FROM `sp_order` [ RunTime:0.0016s ]
SQL: SHOW COLUMNS FROM `sp_member` [ RunTime:0.0012s ]
SQL: SELECT * FROM `sp_member` WHERE `id` = '15' LIMIT 1   [ RunTime:0.0003s ]
SQL: SELECT * FROM `sp_member` WHERE `id` = '15' LIMIT 1   [ RunTime:0.0002s ]
INFO: [ view_parse ] --START--
INFO: [ template_filter ] --START--
INFO: Run Behavior\ContentReplaceBehavior [ RunTime:0.000079s ]
INFO: [ template_filter ] --END-- [ RunTime:0.000132s ]
NOTIC: [8] Undefined offset: 1 /Applications/XAMPP/xamppfiles/htdocs/trunk/data/runtime/Cache/User/5163192a81e47158f171d8e0fdca7654.php 第 201 行.
NOTIC: [8] Undefined offset: 1 /Applications/XAMPP/xamppfiles/htdocs/trunk/data/runtime/Cache/User/5163192a81e47158f171d8e0fdca7654.php 第 201 行.
NOTIC: [8] Undefined offset: 1 /Applications/XAMPP/xamppfiles/htdocs/trunk/data/runtime/Cache/User/5163192a81e47158f171d8e0fdca7654.php 第 201 行.
NOTIC: [8] Undefined offset: 1 /Applications/XAMPP/xamppfiles/htdocs/trunk/data/runtime/Cache/User/5163192a81e47158f171d8e0fdca7654.php 第 201 行.
NOTIC: [8] Undefined offset: 1 /Applications/XAMPP/xamppfiles/htdocs/trunk/data/runtime/Cache/User/5163192a81e47158f171d8e0fdca7654.php 第 201 行.
NOTIC: [8] Undefined offset: 1 /Applications/XAMPP/xamppfiles/htdocs/trunk/data/runtime/Cache/User/5163192a81e47158f171d8e0fdca7654.php 第 201 行.
NOTIC: [8] Undefined offset: 1 /Applications/XAMPP/xamppfiles/htdocs/trunk/data/runtime/Cache/User/5163192a81e47158f171d8e0fdca7654.php 第 201 行.
NOTIC: [8] Undefined offset: 1 /Applications/XAMPP/xamppfiles/htdocs/trunk/data/runtime/Cache/User/5163192a81e47158f171d8e0fdca7654.php 第 201 行.
NOTIC: [8] Undefined offset: 1 /Applications/XAMPP/xamppfiles/htdocs/trunk/data/runtime/Cache/User/5163192a81e47158f171d8e0fdca7654.php 第 201 行.
NOTIC: [8] Undefined offset: 1 /Applications/XAMPP/xamppfiles/htdocs/trunk/data/runtime/Cache/User/5163192a81e47158f171d8e0fdca7654.php 第 201 行.
NOTIC: [8] Undefined offset: 1 /Applications/XAMPP/xamppfiles/htdocs/trunk/data/runtime/Cache/User/5163192a81e47158f171d8e0fdca7654.php 第 201 行.
NOTIC: [8] Undefined offset: 1 /Applications/XAMPP/xamppfiles/htdocs/trunk/data/runtime/Cache/User/5163192a81e47158f171d8e0fdca7654.php 第 201 行.
NOTIC: [8] Undefined offset: 1 /Applications/XAMPP/xamppfiles/htdocs/trunk/data/runtime/Cache/User/5163192a81e47158f171d8e0fdca7654.php 第 201 行.
NOTIC: [8] Undefined offset: 2 /Applications/XAMPP/xamppfiles/htdocs/trunk/data/runtime/Cache/User/5163192a81e47158f171d8e0fdca7654.php 第 205 行.
NOTIC: [8] Undefined offset: 2 /Applications/XAMPP/xamppfiles/htdocs/trunk/data/runtime/Cache/User/5163192a81e47158f171d8e0fdca7654.php 第 205 行.
NOTIC: [8] Undefined offset: 2 /Applications/XAMPP/xamppfiles/htdocs/trunk/data/runtime/Cache/User/5163192a81e47158f171d8e0fdca7654.php 第 205 行.
NOTIC: [8] Undefined offset: 2 /Applications/XAMPP/xamppfiles/htdocs/trunk/data/runtime/Cache/User/5163192a81e47158f171d8e0fdca7654.php 第 205 行.
NOTIC: [8] Undefined offset: 2 /Applications/XAMPP/xamppfiles/htdocs/trunk/data/runtime/Cache/User/5163192a81e47158f171d8e0fdca7654.php 第 205 行.
NOTIC: [8] Undefined offset: 2 /Applications/XAMPP/xamppfiles/htdocs/trunk/data/runtime/Cache/User/5163192a81e47158f171d8e0fdca7654.php 第 205 行.
NOTIC: [8] Undefined offset: 2 /Applications/XAMPP/xamppfiles/htdocs/trunk/data/runtime/Cache/User/5163192a81e47158f171d8e0fdca7654.php 第 205 行.
NOTIC: [8] Undefined offset: 2 /Applications/XAMPP/xamppfiles/htdocs/trunk/data/runtime/Cache/User/5163192a81e47158f171d8e0fdca7654.php 第 205 行.
NOTIC: [8] Undefined offset: 2 /Applications/XAMPP/xamppfiles/htdocs/trunk/data/runtime/Cache/User/5163192a81e47158f171d8e0fdca7654.php 第 205 行.
NOTIC: [8] Undefined offset: 2 /Applications/XAMPP/xamppfiles/htdocs/trunk/data/runtime/Cache/User/5163192a81e47158f171d8e0fdca7654.php 第 205 行.
NOTIC: [8] Undefined offset: 2 /Applications/XAMPP/xamppfiles/htdocs/trunk/data/runtime/Cache/User/5163192a81e47158f171d8e0fdca7654.php 第 205 行.
NOTIC: [8] Undefined offset: 2 /Applications/XAMPP/xamppfiles/htdocs/trunk/data/runtime/Cache/User/5163192a81e47158f171d8e0fdca7654.php 第 205 行.
NOTIC: [8] Undefined offset: 2 /Applications/XAMPP/xamppfiles/htdocs/trunk/data/runtime/Cache/User/5163192a81e47158f171d8e0fdca7654.php 第 205 行.
NOTIC: [8] Undefined offset: 2 /Applications/XAMPP/xamppfiles/htdocs/trunk/data/runtime/Cache/User/5163192a81e47158f171d8e0fdca7654.php 第 205 行.
NOTIC: [8] Undefined offset: 2 /Applications/XAMPP/xamppfiles/htdocs/trunk/data/runtime/Cache/User/5163192a81e47158f171d8e0fdca7654.php 第 205 行.
NOTIC: [8] Undefined offset: 2 /Applications/XAMPP/xamppfiles/htdocs/trunk/data/runtime/Cache/User/5163192a81e47158f171d8e0fdca7654.php 第 205 行.
NOTIC: [8] Undefined offset: 2 /Applications/XAMPP/xamppfiles/htdocs/trunk/data/runtime/Cache/User/5163192a81e47158f171d8e0fdca7654.php 第 205 行.
NOTIC: [8] Undefined offset: 2 /Applications/XAMPP/xamppfiles/htdocs/trunk/data/runtime/Cache/User/5163192a81e47158f171d8e0fdca7654.php 第 205 行.
NOTIC: [8] Undefined offset: 2 /Applications/XAMPP/xamppfiles/htdocs/trunk/data/runtime/Cache/User/5163192a81e47158f171d8e0fdca7654.php 第 205 行.
NOTIC: [8] Undefined offset: 2 /Applications/XAMPP/xamppfiles/htdocs/trunk/data/runtime/Cache/User/5163192a81e47158f171d8e0fdca7654.php 第 205 行.
NOTIC: [8] Undefined offset: 2 /Applications/XAMPP/xamppfiles/htdocs/trunk/data/runtime/Cache/User/5163192a81e47158f171d8e0fdca7654.php 第 205 行.
NOTIC: [8] Undefined offset: 2 /Applications/XAMPP/xamppfiles/htdocs/trunk/data/runtime/Cache/User/5163192a81e47158f171d8e0fdca7654.php 第 205 行.
NOTIC: [8] Undefined offset: 2 /Applications/XAMPP/xamppfiles/htdocs/trunk/data/runtime/Cache/User/5163192a81e47158f171d8e0fdca7654.php 第 205 行.
NOTIC: [8] Undefined offset: 2 /Applications/XAMPP/xamppfiles/htdocs/trunk/data/runtime/Cache/User/5163192a81e47158f171d8e0fdca7654.php 第 205 行.
NOTIC: [8] Undefined offset: 2 /Applications/XAMPP/xamppfiles/htdocs/trunk/data/runtime/Cache/User/5163192a81e47158f171d8e0fdca7654.php 第 205 行.
NOTIC: [8] Undefined offset: 2 /Applications/XAMPP/xamppfiles/htdocs/trunk/data/runtime/Cache/User/5163192a81e47158f171d8e0fdca7654.php 第 205 行.
NOTIC: [8] Undefined offset: 2 /Applications/XAMPP/xamppfiles/htdocs/trunk/data/runtime/Cache/User/5163192a81e47158f171d8e0fdca7654.php 第 205 行.
NOTIC: [8] Undefined offset: 2 /Applications/XAMPP/xamppfiles/htdocs/trunk/data/runtime/Cache/User/5163192a81e47158f171d8e0fdca7654.php 第 205 行.
NOTIC: [8] Undefined offset: 2 /Applications/XAMPP/xamppfiles/htdocs/trunk/data/runtime/Cache/User/5163192a81e47158f171d8e0fdca7654.php 第 205 行.
NOTIC: [8] Undefined offset: 2 /Applications/XAMPP/xamppfiles/htdocs/trunk/data/runtime/Cache/User/5163192a81e47158f171d8e0fdca7654.php 第 205 行.
NOTIC: [8] Undefined offset: 2 /Applications/XAMPP/xamppfiles/htdocs/trunk/data/runtime/Cache/User/5163192a81e47158f171d8e0fdca7654.php 第 205 行.
NOTIC: [8] Undefined offset: 2 /Applications/XAMPP/xamppfiles/htdocs/trunk/data/runtime/Cache/User/5163192a81e47158f171d8e0fdca7654.php 第 205 行.
INFO: Run Behavior\ParseTemplateBehavior [ RunTime:0.013465s ]
INFO: [ view_parse ] --END-- [ RunTime:0.013507s ]
INFO: [ view_filter ] --START--
INFO: Run Behavior\WriteHtmlCacheBehavior [ RunTime:0.000137s ]
INFO: Run Common\Behavior\TmplStripSpaceBehavior [ RunTime:0.000124s ]
INFO: [ view_filter ] --END-- [ RunTime:0.000309s ]
INFO: [ app_end ] --START--
INFO: Run Behavior\ShowPageTraceBehavior [ RunTime:0.000549s ]
INFO: [ app_end ] --END-- [ RunTime:0.000605s ]

[ 2015-07-08T19:48:28+08:00 ] 127.0.0.1 /index.php?g=user&m=my&a=change_pwd
INFO: [ app_begin ] --START--
INFO: Run Behavior\ReadHtmlCacheBehavior [ RunTime:0.000428s ]
INFO: Run Behavior\CheckLangBehavior [ RunTime:0.000342s ]
INFO: [ app_begin ] --END-- [ RunTime:0.001164s ]
SQL: SHOW COLUMNS FROM `sp_ad` [ RunTime:0.0027s ]
SQL: SELECT * FROM `sp_ad` WHERE ( ad_content="top_hot_search" ) LIMIT 7   [ RunTime:0.0005s ]
SQL: SHOW COLUMNS FROM `sp_cart` [ RunTime:0.0010s ]
SQL: SELECT * FROM `sp_cart` WHERE `uid` = 15 ORDER BY id asc  [ RunTime:0.0002s ]
SQL: SHOW COLUMNS FROM `sp_goods` [ RunTime:0.0014s ]
SQL: SELECT `id`,`name`,`smallimage`,`price`,`pricespe`,`weight` FROM `sp_goods` WHERE `id` IN ('103')  [ RunTime:0.0003s ]
SQL: SELECT * FROM `sp_cart` WHERE `uid` = 15 ORDER BY id asc  [ RunTime:0.0002s ]
SQL: SELECT `id`,`name`,`smallimage`,`price`,`pricespe`,`weight` FROM `sp_goods` WHERE `id` IN ('103')  [ RunTime:0.0001s ]
SQL: SHOW COLUMNS FROM `sp_order` [ RunTime:0.0015s ]
SQL: SHOW COLUMNS FROM `sp_member` [ RunTime:0.0011s ]
SQL: SELECT * FROM `sp_member` WHERE `id` = '15' LIMIT 1   [ RunTime:0.0003s ]
INFO: [ view_parse ] --START--
INFO: [ template_filter ] --START--
INFO: Run Behavior\ContentReplaceBehavior [ RunTime:0.000075s ]
INFO: [ template_filter ] --END-- [ RunTime:0.000132s ]
INFO: Run Behavior\ParseTemplateBehavior [ RunTime:0.010099s ]
INFO: [ view_parse ] --END-- [ RunTime:0.010137s ]
INFO: [ view_filter ] --START--
INFO: Run Behavior\WriteHtmlCacheBehavior [ RunTime:0.000124s ]
INFO: Run Common\Behavior\TmplStripSpaceBehavior [ RunTime:0.000111s ]
INFO: [ view_filter ] --END-- [ RunTime:0.000285s ]
INFO: [ app_end ] --START--
INFO: Run Behavior\ShowPageTraceBehavior [ RunTime:0.000473s ]
INFO: [ app_end ] --END-- [ RunTime:0.000517s ]

[ 2015-07-08T19:48:30+08:00 ] 127.0.0.1 /index.php?g=user&m=my&a=user_verify
INFO: [ app_begin ] --START--
INFO: Run Behavior\ReadHtmlCacheBehavior [ RunTime:0.000496s ]
INFO: Run Behavior\CheckLangBehavior [ RunTime:0.000423s ]
INFO: [ app_begin ] --END-- [ RunTime:0.001238s ]
SQL: SHOW COLUMNS FROM `sp_ad` [ RunTime:0.0010s ]
SQL: SELECT * FROM `sp_ad` WHERE ( ad_content="top_hot_search" ) LIMIT 7   [ RunTime:0.0004s ]
SQL: SHOW COLUMNS FROM `sp_cart` [ RunTime:0.0009s ]
SQL: SELECT * FROM `sp_cart` WHERE `uid` = 15 ORDER BY id asc  [ RunTime:0.0002s ]
SQL: SHOW COLUMNS FROM `sp_goods` [ RunTime:0.0012s ]
SQL: SELECT `id`,`name`,`smallimage`,`price`,`pricespe`,`weight` FROM `sp_goods` WHERE `id` IN ('103')  [ RunTime:0.0003s ]
SQL: SELECT * FROM `sp_cart` WHERE `uid` = 15 ORDER BY id asc  [ RunTime:0.0002s ]
SQL: SELECT `id`,`name`,`smallimage`,`price`,`pricespe`,`weight` FROM `sp_goods` WHERE `id` IN ('103')  [ RunTime:0.0001s ]
SQL: SHOW COLUMNS FROM `sp_order` [ RunTime:0.0017s ]
SQL: SHOW COLUMNS FROM `sp_member` [ RunTime:0.0011s ]
SQL: SELECT * FROM `sp_member` WHERE `id` = '15' LIMIT 1   [ RunTime:0.0003s ]
SQL: SHOW COLUMNS FROM `sp_member` [ RunTime:0.0010s ]
SQL: SHOW COLUMNS FROM `sp_account` [ RunTime:0.0019s ]
SQL: SELECT * FROM `sp_account` WHERE ( uid=15 )  [ RunTime:0.0002s ]
INFO: [ view_parse ] --START--
INFO: [ template_filter ] --START--
INFO: Run Behavior\ContentReplaceBehavior [ RunTime:0.000087s ]
INFO: [ template_filter ] --END-- [ RunTime:0.000135s ]
INFO: Run Behavior\ParseTemplateBehavior [ RunTime:0.012114s ]
INFO: [ view_parse ] --END-- [ RunTime:0.012155s ]
INFO: [ view_filter ] --START--
INFO: Run Behavior\WriteHtmlCacheBehavior [ RunTime:0.000121s ]
INFO: Run Common\Behavior\TmplStripSpaceBehavior [ RunTime:0.000111s ]
INFO: [ view_filter ] --END-- [ RunTime:0.000282s ]
INFO: [ app_end ] --START--
INFO: Run Behavior\ShowPageTraceBehavior [ RunTime:0.000384s ]
INFO: [ app_end ] --END-- [ RunTime:0.000422s ]

[ 2015-07-08T19:48:36+08:00 ] 127.0.0.1 /index.php?g=user&m=apply&a=apply_list
INFO: [ app_begin ] --START--
INFO: Run Behavior\ReadHtmlCacheBehavior [ RunTime:0.000349s ]
INFO: Run Behavior\CheckLangBehavior [ RunTime:0.000338s ]
INFO: [ app_begin ] --END-- [ RunTime:0.000972s ]
SQL: SHOW COLUMNS FROM `sp_ad` [ RunTime:0.0011s ]
SQL: SELECT * FROM `sp_ad` WHERE ( ad_content="top_hot_search" ) LIMIT 7   [ RunTime:0.0004s ]
SQL: SHOW COLUMNS FROM `sp_cart` [ RunTime:0.0010s ]
SQL: SELECT * FROM `sp_cart` WHERE `uid` = 15 ORDER BY id asc  [ RunTime:0.0003s ]
SQL: SHOW COLUMNS FROM `sp_goods` [ RunTime:0.0013s ]
SQL: SELECT `id`,`name`,`smallimage`,`price`,`pricespe`,`weight` FROM `sp_goods` WHERE `id` IN ('103')  [ RunTime:0.0002s ]
SQL: SELECT * FROM `sp_cart` WHERE `uid` = 15 ORDER BY id asc  [ RunTime:0.0002s ]
SQL: SELECT `id`,`name`,`smallimage`,`price`,`pricespe`,`weight` FROM `sp_goods` WHERE `id` IN ('103')  [ RunTime:0.0002s ]
SQL: SHOW COLUMNS FROM `sp_member` [ RunTime:0.0012s ]
SQL: SELECT * FROM `sp_member` WHERE `id` = '15' LIMIT 1   [ RunTime:0.0003s ]
SQL: SHOW COLUMNS FROM `sp_apply` [ RunTime:0.0036s ]
SQL: SELECT COUNT(*) AS tp_count FROM `sp_apply` WHERE ( uid=15 ) LIMIT 1   [ RunTime:0.0002s ]
SQL: select a.*,j.addtime,j.job_name,m.user_login from sp_apply a left join sp_jobs j on j.id = a.job_id  left join sp_member m on  m.id=a.compid where a.uid=15 limit 0,10 [ RunTime:0.0005s ]
INFO: [ view_parse ] --START--
INFO: [ template_filter ] --START--
INFO: Run Behavior\ContentReplaceBehavior [ RunTime:0.000074s ]
INFO: [ template_filter ] --END-- [ RunTime:0.000121s ]
NOTIC: [2] date() expects parameter 2 to be long, string given /Applications/XAMPP/xamppfiles/htdocs/trunk/data/runtime/Cache/User/046a6c4d0cfbb80641e896c094c97bbf.php 第 175 行.
NOTIC: [2] date() expects parameter 2 to be long, string given /Applications/XAMPP/xamppfiles/htdocs/trunk/data/runtime/Cache/User/046a6c4d0cfbb80641e896c094c97bbf.php 第 175 行.
INFO: Run Behavior\ParseTemplateBehavior [ RunTime:0.012898s ]
INFO: [ view_parse ] --END-- [ RunTime:0.012938s ]
INFO: [ view_filter ] --START--
INFO: Run Behavior\WriteHtmlCacheBehavior [ RunTime:0.000127s ]
INFO: Run Common\Behavior\TmplStripSpaceBehavior [ RunTime:0.000123s ]
INFO: [ view_filter ] --END-- [ RunTime:0.000300s ]
INFO: [ app_end ] --START--
INFO: Run Behavior\ShowPageTraceBehavior [ RunTime:0.000561s ]
INFO: [ app_end ] --END-- [ RunTime:0.000619s ]

[ 2015-07-08T21:51:07+08:00 ] 127.0.0.1 /index.php?g=user&m=my&a=profile
INFO: [ app_begin ] --START--
INFO: Run Behavior\ReadHtmlCacheBehavior [ RunTime:0.000362s ]
INFO: Run Behavior\CheckLangBehavior [ RunTime:0.000513s ]
INFO: [ app_begin ] --END-- [ RunTime:0.001167s ]
SQL: SHOW COLUMNS FROM `sp_ad` [ RunTime:0.0017s ]
SQL: SELECT * FROM `sp_ad` WHERE ( ad_content="top_hot_search" ) LIMIT 7   [ RunTime:0.0004s ]
SQL: SHOW COLUMNS FROM `sp_cart` [ RunTime:0.0010s ]
SQL: SELECT * FROM `sp_cart` WHERE `uid` = 15 ORDER BY id asc  [ RunTime:0.0003s ]
SQL: SHOW COLUMNS FROM `sp_goods` [ RunTime:0.0014s ]
SQL: SELECT `id`,`name`,`smallimage`,`price`,`pricespe`,`weight` FROM `sp_goods` WHERE `id` IN ('103')  [ RunTime:0.0003s ]
SQL: SELECT * FROM `sp_cart` WHERE `uid` = 15 ORDER BY id asc  [ RunTime:0.0002s ]
SQL: SELECT `id`,`name`,`smallimage`,`price`,`pricespe`,`weight` FROM `sp_goods` WHERE `id` IN ('103')  [ RunTime:0.0001s ]
SQL: SHOW COLUMNS FROM `sp_order` [ RunTime:0.0016s ]
SQL: SHOW COLUMNS FROM `sp_member` [ RunTime:0.0012s ]
SQL: SELECT * FROM `sp_member` WHERE `id` = '15' LIMIT 1   [ RunTime:0.0003s ]
SQL: SELECT * FROM `sp_member` WHERE `id` = '15' LIMIT 1   [ RunTime:0.0002s ]
INFO: [ view_parse ] --START--
INFO: [ template_filter ] --START--
INFO: Run Behavior\ContentReplaceBehavior [ RunTime:0.000075s ]
INFO: [ template_filter ] --END-- [ RunTime:0.000125s ]
NOTIC: [8] Undefined offset: 1 /Applications/XAMPP/xamppfiles/htdocs/trunk/data/runtime/Cache/User/5163192a81e47158f171d8e0fdca7654.php 第 201 行.
NOTIC: [8] Undefined offset: 1 /Applications/XAMPP/xamppfiles/htdocs/trunk/data/runtime/Cache/User/5163192a81e47158f171d8e0fdca7654.php 第 201 行.
NOTIC: [8] Undefined offset: 1 /Applications/XAMPP/xamppfiles/htdocs/trunk/data/runtime/Cache/User/5163192a81e47158f171d8e0fdca7654.php 第 201 行.
NOTIC: [8] Undefined offset: 1 /Applications/XAMPP/xamppfiles/htdocs/trunk/data/runtime/Cache/User/5163192a81e47158f171d8e0fdca7654.php 第 201 行.
NOTIC: [8] Undefined offset: 1 /Applications/XAMPP/xamppfiles/htdocs/trunk/data/runtime/Cache/User/5163192a81e47158f171d8e0fdca7654.php 第 201 行.
NOTIC: [8] Undefined offset: 1 /Applications/XAMPP/xamppfiles/htdocs/trunk/data/runtime/Cache/User/5163192a81e47158f171d8e0fdca7654.php 第 201 行.
NOTIC: [8] Undefined offset: 1 /Applications/XAMPP/xamppfiles/htdocs/trunk/data/runtime/Cache/User/5163192a81e47158f171d8e0fdca7654.php 第 201 行.
NOTIC: [8] Undefined offset: 1 /Applications/XAMPP/xamppfiles/htdocs/trunk/data/runtime/Cache/User/5163192a81e47158f171d8e0fdca7654.php 第 201 行.
NOTIC: [8] Undefined offset: 1 /Applications/XAMPP/xamppfiles/htdocs/trunk/data/runtime/Cache/User/5163192a81e47158f171d8e0fdca7654.php 第 201 行.
NOTIC: [8] Undefined offset: 1 /Applications/XAMPP/xamppfiles/htdocs/trunk/data/runtime/Cache/User/5163192a81e47158f171d8e0fdca7654.php 第 201 行.
NOTIC: [8] Undefined offset: 1 /Applications/XAMPP/xamppfiles/htdocs/trunk/data/runtime/Cache/User/5163192a81e47158f171d8e0fdca7654.php 第 201 行.
NOTIC: [8] Undefined offset: 1 /Applications/XAMPP/xamppfiles/htdocs/trunk/data/runtime/Cache/User/5163192a81e47158f171d8e0fdca7654.php 第 201 行.
NOTIC: [8] Undefined offset: 1 /Applications/XAMPP/xamppfiles/htdocs/trunk/data/runtime/Cache/User/5163192a81e47158f171d8e0fdca7654.php 第 201 行.
NOTIC: [8] Undefined offset: 2 /Applications/XAMPP/xamppfiles/htdocs/trunk/data/runtime/Cache/User/5163192a81e47158f171d8e0fdca7654.php 第 205 行.
NOTIC: [8] Undefined offset: 2 /Applications/XAMPP/xamppfiles/htdocs/trunk/data/runtime/Cache/User/5163192a81e47158f171d8e0fdca7654.php 第 205 行.
NOTIC: [8] Undefined offset: 2 /Applications/XAMPP/xamppfiles/htdocs/trunk/data/runtime/Cache/User/5163192a81e47158f171d8e0fdca7654.php 第 205 行.
NOTIC: [8] Undefined offset: 2 /Applications/XAMPP/xamppfiles/htdocs/trunk/data/runtime/Cache/User/5163192a81e47158f171d8e0fdca7654.php 第 205 行.
NOTIC: [8] Undefined offset: 2 /Applications/XAMPP/xamppfiles/htdocs/trunk/data/runtime/Cache/User/5163192a81e47158f171d8e0fdca7654.php 第 205 行.
NOTIC: [8] Undefined offset: 2 /Applications/XAMPP/xamppfiles/htdocs/trunk/data/runtime/Cache/User/5163192a81e47158f171d8e0fdca7654.php 第 205 行.
NOTIC: [8] Undefined offset: 2 /Applications/XAMPP/xamppfiles/htdocs/trunk/data/runtime/Cache/User/5163192a81e47158f171d8e0fdca7654.php 第 205 行.
NOTIC: [8] Undefined offset: 2 /Applications/XAMPP/xamppfiles/htdocs/trunk/data/runtime/Cache/User/5163192a81e47158f171d8e0fdca7654.php 第 205 行.
NOTIC: [8] Undefined offset: 2 /Applications/XAMPP/xamppfiles/htdocs/trunk/data/runtime/Cache/User/5163192a81e47158f171d8e0fdca7654.php 第 205 行.
NOTIC: [8] Undefined offset: 2 /Applications/XAMPP/xamppfiles/htdocs/trunk/data/runtime/Cache/User/5163192a81e47158f171d8e0fdca7654.php 第 205 行.
NOTIC: [8] Undefined offset: 2 /Applications/XAMPP/xamppfiles/htdocs/trunk/data/runtime/Cache/User/5163192a81e47158f171d8e0fdca7654.php 第 205 行.
NOTIC: [8] Undefined offset: 2 /Applications/XAMPP/xamppfiles/htdocs/trunk/data/runtime/Cache/User/5163192a81e47158f171d8e0fdca7654.php 第 205 行.
NOTIC: [8] Undefined offset: 2 /Applications/XAMPP/xamppfiles/htdocs/trunk/data/runtime/Cache/User/5163192a81e47158f171d8e0fdca7654.php 第 205 行.
NOTIC: [8] Undefined offset: 2 /Applications/XAMPP/xamppfiles/htdocs/trunk/data/runtime/Cache/User/5163192a81e47158f171d8e0fdca7654.php 第 205 行.
NOTIC: [8] Undefined offset: 2 /Applications/XAMPP/xamppfiles/htdocs/trunk/data/runtime/Cache/User/5163192a81e47158f171d8e0fdca7654.php 第 205 行.
NOTIC: [8] Undefined offset: 2 /Applications/XAMPP/xamppfiles/htdocs/trunk/data/runtime/Cache/User/5163192a81e47158f171d8e0fdca7654.php 第 205 行.
NOTIC: [8] Undefined offset: 2 /Applications/XAMPP/xamppfiles/htdocs/trunk/data/runtime/Cache/User/5163192a81e47158f171d8e0fdca7654.php 第 205 行.
NOTIC: [8] Undefined offset: 2 /Applications/XAMPP/xamppfiles/htdocs/trunk/data/runtime/Cache/User/5163192a81e47158f171d8e0fdca7654.php 第 205 行.
NOTIC: [8] Undefined offset: 2 /Applications/XAMPP/xamppfiles/htdocs/trunk/data/runtime/Cache/User/5163192a81e47158f171d8e0fdca7654.php 第 205 行.
NOTIC: [8] Undefined offset: 2 /Applications/XAMPP/xamppfiles/htdocs/trunk/data/runtime/Cache/User/5163192a81e47158f171d8e0fdca7654.php 第 205 行.
NOTIC: [8] Undefined offset: 2 /Applications/XAMPP/xamppfiles/htdocs/trunk/data/runtime/Cache/User/5163192a81e47158f171d8e0fdca7654.php 第 205 行.
NOTIC: [8] Undefined offset: 2 /Applications/XAMPP/xamppfiles/htdocs/trunk/data/runtime/Cache/User/5163192a81e47158f171d8e0fdca7654.php 第 205 行.
NOTIC: [8] Undefined offset: 2 /Applications/XAMPP/xamppfiles/htdocs/trunk/data/runtime/Cache/User/5163192a81e47158f171d8e0fdca7654.php 第 205 行.
NOTIC: [8] Undefined offset: 2 /Applications/XAMPP/xamppfiles/htdocs/trunk/data/runtime/Cache/User/5163192a81e47158f171d8e0fdca7654.php 第 205 行.
NOTIC: [8] Undefined offset: 2 /Applications/XAMPP/xamppfiles/htdocs/trunk/data/runtime/Cache/User/5163192a81e47158f171d8e0fdca7654.php 第 205 行.
NOTIC: [8] Undefined offset: 2 /Applications/XAMPP/xamppfiles/htdocs/trunk/data/runtime/Cache/User/5163192a81e47158f171d8e0fdca7654.php 第 205 行.
NOTIC: [8] Undefined offset: 2 /Applications/XAMPP/xamppfiles/htdocs/trunk/data/runtime/Cache/User/5163192a81e47158f171d8e0fdca7654.php 第 205 行.
NOTIC: [8] Undefined offset: 2 /Applications/XAMPP/xamppfiles/htdocs/trunk/data/runtime/Cache/User/5163192a81e47158f171d8e0fdca7654.php 第 205 行.
NOTIC: [8] Undefined offset: 2 /Applications/XAMPP/xamppfiles/htdocs/trunk/data/runtime/Cache/User/5163192a81e47158f171d8e0fdca7654.php 第 205 行.
NOTIC: [8] Undefined offset: 2 /Applications/XAMPP/xamppfiles/htdocs/trunk/data/runtime/Cache/User/5163192a81e47158f171d8e0fdca7654.php 第 205 行.
NOTIC: [8] Undefined offset: 2 /Applications/XAMPP/xamppfiles/htdocs/trunk/data/runtime/Cache/User/5163192a81e47158f171d8e0fdca7654.php 第 205 行.
NOTIC: [8] Undefined offset: 2 /Applications/XAMPP/xamppfiles/htdocs/trunk/data/runtime/Cache/User/5163192a81e47158f171d8e0fdca7654.php 第 205 行.
INFO: Run Behavior\ParseTemplateBehavior [ RunTime:0.013834s ]
INFO: [ view_parse ] --END-- [ RunTime:0.013876s ]
INFO: [ view_filter ] --START--
INFO: Run Behavior\WriteHtmlCacheBehavior [ RunTime:0.000155s ]
INFO: Run Common\Behavior\TmplStripSpaceBehavior [ RunTime:0.000140s ]
INFO: [ view_filter ] --END-- [ RunTime:0.000349s ]
INFO: [ app_end ] --START--
INFO: Run Behavior\ShowPageTraceBehavior [ RunTime:0.000605s ]
INFO: [ app_end ] --END-- [ RunTime:0.000674s ]

[ 2015-07-08T22:05:06+08:00 ] 127.0.0.1 /index.php?g=user&m=jobs&a=index
INFO: [ app_begin ] --START--
INFO: Run Behavior\ReadHtmlCacheBehavior [ RunTime:0.009119s ]
INFO: Run Behavior\CheckLangBehavior [ RunTime:0.002405s ]
INFO: [ app_begin ] --END-- [ RunTime:0.018282s ]
SQL: SHOW COLUMNS FROM `sp_ad` [ RunTime:0.0017s ]
SQL: SELECT * FROM `sp_ad` WHERE ( ad_content="top_hot_search" ) LIMIT 7   [ RunTime:0.0005s ]
SQL: SHOW COLUMNS FROM `sp_cart` [ RunTime:0.0012s ]
SQL: SELECT * FROM `sp_cart` WHERE `uid` = 15 ORDER BY id asc  [ RunTime:0.0003s ]
SQL: SHOW COLUMNS FROM `sp_goods` [ RunTime:0.0019s ]
SQL: SELECT `id`,`name`,`smallimage`,`price`,`pricespe`,`weight` FROM `sp_goods` WHERE `id` IN ('103')  [ RunTime:0.0003s ]
SQL: SELECT * FROM `sp_cart` WHERE `uid` = 15 ORDER BY id asc  [ RunTime:0.0002s ]
SQL: SELECT `id`,`name`,`smallimage`,`price`,`pricespe`,`weight` FROM `sp_goods` WHERE `id` IN ('103')  [ RunTime:0.0005s ]
SQL: SHOW COLUMNS FROM `sp_member` [ RunTime:0.0021s ]
SQL: SELECT * FROM `sp_member` WHERE `id` = '15' LIMIT 1   [ RunTime:0.0005s ]
SQL: SHOW COLUMNS FROM `sp_jobs` [ RunTime:0.0013s ]
SQL: SELECT COUNT(*) AS tp_count FROM `sp_jobs` WHERE ( uid=15 ) LIMIT 1   [ RunTime:0.0003s ]
SQL: select j.*,count(a.id) rcount from sp_jobs j LEFT JOIN sp_apply a on j.id =a.job_id where j.uid = 15  GROUP by j.id ORDER by addtime desc limit 0,10 [ RunTime:0.0023s ]
INFO: [ view_parse ] --START--
INFO: [ template_filter ] --START--
INFO: Run Behavior\ContentReplaceBehavior [ RunTime:0.000093s ]
INFO: [ template_filter ] --END-- [ RunTime:0.000147s ]
NOTIC: [2] date() expects parameter 2 to be long, string given /Applications/XAMPP/xamppfiles/htdocs/trunk/data/runtime/Cache/User/56837743685a27e85572193d8f9ead6b.php 第 180 行.
NOTIC: [2] date() expects parameter 2 to be long, string given /Applications/XAMPP/xamppfiles/htdocs/trunk/data/runtime/Cache/User/56837743685a27e85572193d8f9ead6b.php 第 180 行.
NOTIC: [2] date() expects parameter 2 to be long, string given /Applications/XAMPP/xamppfiles/htdocs/trunk/data/runtime/Cache/User/56837743685a27e85572193d8f9ead6b.php 第 188 行.
NOTIC: [2] date() expects parameter 2 to be long, string given /Applications/XAMPP/xamppfiles/htdocs/trunk/data/runtime/Cache/User/56837743685a27e85572193d8f9ead6b.php 第 180 行.
NOTIC: [2] date() expects parameter 2 to be long, string given /Applications/XAMPP/xamppfiles/htdocs/trunk/data/runtime/Cache/User/56837743685a27e85572193d8f9ead6b.php 第 188 行.
NOTIC: [2] date() expects parameter 2 to be long, string given /Applications/XAMPP/xamppfiles/htdocs/trunk/data/runtime/Cache/User/56837743685a27e85572193d8f9ead6b.php 第 180 行.
NOTIC: [2] date() expects parameter 2 to be long, string given /Applications/XAMPP/xamppfiles/htdocs/trunk/data/runtime/Cache/User/56837743685a27e85572193d8f9ead6b.php 第 188 行.
NOTIC: [2] date() expects parameter 2 to be long, string given /Applications/XAMPP/xamppfiles/htdocs/trunk/data/runtime/Cache/User/56837743685a27e85572193d8f9ead6b.php 第 180 行.
NOTIC: [2] date() expects parameter 2 to be long, string given /Applications/XAMPP/xamppfiles/htdocs/trunk/data/runtime/Cache/User/56837743685a27e85572193d8f9ead6b.php 第 180 行.
NOTIC: [2] date() expects parameter 2 to be long, string given /Applications/XAMPP/xamppfiles/htdocs/trunk/data/runtime/Cache/User/56837743685a27e85572193d8f9ead6b.php 第 188 行.
INFO: Run Behavior\ParseTemplateBehavior [ RunTime:0.025684s ]
INFO: [ view_parse ] --END-- [ RunTime:0.025738s ]
INFO: [ view_filter ] --START--
INFO: Run Behavior\WriteHtmlCacheBehavior [ RunTime:0.000483s ]
INFO: Run Common\Behavior\TmplStripSpaceBehavior [ RunTime:0.000486s ]
INFO: [ view_filter ] --END-- [ RunTime:0.001059s ]
INFO: [ app_end ] --START--
INFO: Run Behavior\ShowPageTraceBehavior [ RunTime:0.001733s ]
INFO: [ app_end ] --END-- [ RunTime:0.001840s ]

[ 2015-07-08T22:05:09+08:00 ] 127.0.0.1 /index.php?g=user&m=jobs&a=aejobs
INFO: [ app_begin ] --START--
INFO: Run Behavior\ReadHtmlCacheBehavior [ RunTime:0.000355s ]
INFO: Run Behavior\CheckLangBehavior [ RunTime:0.000337s ]
INFO: [ app_begin ] --END-- [ RunTime:0.000975s ]
SQL: SHOW COLUMNS FROM `sp_ad` [ RunTime:0.0019s ]
SQL: SELECT * FROM `sp_ad` WHERE ( ad_content="top_hot_search" ) LIMIT 7   [ RunTime:0.0006s ]
SQL: SHOW COLUMNS FROM `sp_cart` [ RunTime:0.0013s ]
SQL: SELECT * FROM `sp_cart` WHERE `uid` = 15 ORDER BY id asc  [ RunTime:0.0003s ]
SQL: SHOW COLUMNS FROM `sp_goods` [ RunTime:0.0021s ]
SQL: SELECT `id`,`name`,`smallimage`,`price`,`pricespe`,`weight` FROM `sp_goods` WHERE `id` IN ('103')  [ RunTime:0.0003s ]
SQL: SELECT * FROM `sp_cart` WHERE `uid` = 15 ORDER BY id asc  [ RunTime:0.0002s ]
SQL: SELECT `id`,`name`,`smallimage`,`price`,`pricespe`,`weight` FROM `sp_goods` WHERE `id` IN ('103')  [ RunTime:0.0002s ]
SQL: SHOW COLUMNS FROM `sp_member` [ RunTime:0.0136s ]
SQL: SELECT * FROM `sp_member` WHERE `id` = '15' LIMIT 1   [ RunTime:0.0005s ]
SQL: SHOW COLUMNS FROM `sp_jobs` [ RunTime:0.0193s ]
SQL: SHOW COLUMNS FROM `sp_nature` [ RunTime:0.0786s ]
SQL: SELECT * FROM `sp_nature`  [ RunTime:0.0002s ]
SQL: SHOW COLUMNS FROM `sp_cate` [ RunTime:0.0488s ]
SQL: SELECT * FROM `sp_cate` WHERE ( parent = 0 )  [ RunTime:0.0003s ]
SQL: SELECT * FROM `sp_cate` WHERE ( parent = 126 )  [ RunTime:0.0003s ]
SQL: SELECT * FROM `sp_cate` WHERE ( parent = 127 )  [ RunTime:0.0029s ]
SQL: SELECT * FROM `sp_cate` WHERE ( parent = 128 )  [ RunTime:0.0004s ]
SQL: SELECT * FROM `sp_cate` WHERE ( parent = 129 )  [ RunTime:0.0064s ]
SQL: SELECT * FROM `sp_cate` WHERE ( parent = 130 )  [ RunTime:0.0004s ]
SQL: SELECT * FROM `sp_cate` WHERE ( parent = 131 )  [ RunTime:0.0005s ]
INFO: [ view_parse ] --START--
INFO: [ template_filter ] --START--
INFO: Run Behavior\ContentReplaceBehavior [ RunTime:0.000211s ]
INFO: [ template_filter ] --END-- [ RunTime:0.000304s ]
NOTIC: [8] Undefined variable: edit /Applications/XAMPP/xamppfiles/htdocs/trunk/data/runtime/Cache/User/0faac267b181b8e0fd851a2484ed9f4a.php 第 149 行.
NOTIC: [8] Undefined variable: jobs /Applications/XAMPP/xamppfiles/htdocs/trunk/data/runtime/Cache/User/0faac267b181b8e0fd851a2484ed9f4a.php 第 160 行.
NOTIC: [8] Undefined variable: jobs /Applications/XAMPP/xamppfiles/htdocs/trunk/data/runtime/Cache/User/0faac267b181b8e0fd851a2484ed9f4a.php 第 175 行.
NOTIC: [8] Undefined variable: jobs /Applications/XAMPP/xamppfiles/htdocs/trunk/data/runtime/Cache/User/0faac267b181b8e0fd851a2484ed9f4a.php 第 182 行.
NOTIC: [8] Undefined variable: jobs /Applications/XAMPP/xamppfiles/htdocs/trunk/data/runtime/Cache/User/0faac267b181b8e0fd851a2484ed9f4a.php 第 189 行.
NOTIC: [8] Undefined variable: jobs /Applications/XAMPP/xamppfiles/htdocs/trunk/data/runtime/Cache/User/0faac267b181b8e0fd851a2484ed9f4a.php 第 254 行.
NOTIC: [8] Undefined variable: jobs /Applications/XAMPP/xamppfiles/htdocs/trunk/data/runtime/Cache/User/0faac267b181b8e0fd851a2484ed9f4a.php 第 256 行.
NOTIC: [8] Undefined variable: jobs /Applications/XAMPP/xamppfiles/htdocs/trunk/data/runtime/Cache/User/0faac267b181b8e0fd851a2484ed9f4a.php 第 263 行.
NOTIC: [8] Undefined variable: jobs /Applications/XAMPP/xamppfiles/htdocs/trunk/data/runtime/Cache/User/0faac267b181b8e0fd851a2484ed9f4a.php 第 270 行.
NOTIC: [8] Undefined variable: jobs /Applications/XAMPP/xamppfiles/htdocs/trunk/data/runtime/Cache/User/0faac267b181b8e0fd851a2484ed9f4a.php 第 310 行.
NOTIC: [8] Undefined variable: jobs /Applications/XAMPP/xamppfiles/htdocs/trunk/data/runtime/Cache/User/0faac267b181b8e0fd851a2484ed9f4a.php 第 317 行.
NOTIC: [8] Undefined variable: jobs /Applications/XAMPP/xamppfiles/htdocs/trunk/data/runtime/Cache/User/0faac267b181b8e0fd851a2484ed9f4a.php 第 318 行.
NOTIC: [8] Undefined variable: edit /Applications/XAMPP/xamppfiles/htdocs/trunk/data/runtime/Cache/User/0faac267b181b8e0fd851a2484ed9f4a.php 第 323 行.
NOTIC: [8] Undefined variable: edit /Applications/XAMPP/xamppfiles/htdocs/trunk/data/runtime/Cache/User/0faac267b181b8e0fd851a2484ed9f4a.php 第 361 行.
NOTIC: [8] Undefined variable: edit /Applications/XAMPP/xamppfiles/htdocs/trunk/data/runtime/Cache/User/0faac267b181b8e0fd851a2484ed9f4a.php 第 481 行.
NOTIC: [8] Undefined variable: jobs /Applications/XAMPP/xamppfiles/htdocs/trunk/data/runtime/Cache/User/0faac267b181b8e0fd851a2484ed9f4a.php 第 483 行.
NOTIC: [8] Undefined variable: jobs /Applications/XAMPP/xamppfiles/htdocs/trunk/data/runtime/Cache/User/0faac267b181b8e0fd851a2484ed9f4a.php 第 484 行.
NOTIC: [8] Undefined variable: jobs /Applications/XAMPP/xamppfiles/htdocs/trunk/data/runtime/Cache/User/0faac267b181b8e0fd851a2484ed9f4a.php 第 490 行.
INFO: Run Behavior\ParseTemplateBehavior [ RunTime:0.092403s ]
INFO: [ view_parse ] --END-- [ RunTime:0.092472s ]
INFO: [ view_filter ] --START--
INFO: Run Behavior\WriteHtmlCacheBehavior [ RunTime:0.000258s ]
INFO: Run Common\Behavior\TmplStripSpaceBehavior [ RunTime:0.000187s ]
INFO: [ view_filter ] --END-- [ RunTime:0.000535s ]
INFO: [ app_end ] --START--
INFO: Run Behavior\ShowPageTraceBehavior [ RunTime:0.000611s ]
INFO: [ app_end ] --END-- [ RunTime:0.000684s ]

